<?xml version="1.0" encoding="UTF-8"?>
<!-- Generated by org.testng.reporters.JUnitXMLReporter -->
<testsuite ignored="0" hostname="Admins-MacBook-Air.local" failures="3" tests="39" name="Default test" time="386.329" errors="0" timestamp="2026-05-11T15:44:43 IST">
  <testcase classname="tests.LoginTest" name="loginWithMultipleUsers" time="7.784"/>
  <testcase classname="tests.LoginTest" name="loginWithMultipleUsers" time="5.248"/>
  <testcase classname="tests.LoginTest" name="loginWithMultipleUsers" time="4.132"/>
  <testcase classname="tests.LoginTest" name="loginWithMultipleUsers" time="5.765"/>
  <testcase classname="tests.LoginTest" name="loginWithMultipleUsers" time="5.191"/>
  <testcase classname="tests.LoginTest" name="loginWithMultipleUsers" time="3.557">
    <failure type="java.lang.AssertionError" message="❌ Login failed for user: priyanka_agent1 expected [false] but found [true]">
      <![CDATA[java.lang.AssertionError: ❌ Login failed for user: priyanka_agent1 expected [false] but found [true]
at org.testng.Assert.fail(Assert.java:111)
at org.testng.Assert.failNotEquals(Assert.java:1578)
at org.testng.Assert.assertFalse(Assert.java:79)
at tests.LoginTest.loginWithMultipleUsers(LoginTest.java:50)
at java.base/jdk.internal.reflect.DirectMethodHandleAccessor.invoke(DirectMethodHandleAccessor.java:103)
at java.base/java.lang.reflect.Method.invoke(Method.java:580)
at org.testng.internal.invokers.MethodInvocationHelper.invokeMethod(MethodInvocationHelper.java:139)
at org.testng.internal.invokers.TestInvoker.invokeMethod(TestInvoker.java:664)
at org.testng.internal.invokers.TestInvoker.invokeTestMethod(TestInvoker.java:228)
at org.testng.internal.invokers.MethodRunner.runInSequence(MethodRunner.java:63)
at org.testng.internal.invokers.TestInvoker$MethodInvocationAgent.invoke(TestInvoker.java:961)
at org.testng.internal.invokers.TestInvoker.invokeTestMethods(TestInvoker.java:201)
at org.testng.internal.invokers.TestMethodWorker.invokeTestMethods(TestMethodWorker.java:148)
at org.testng.internal.invokers.TestMethodWorker.run(TestMethodWorker.java:128)
at java.base/java.util.ArrayList.forEach(ArrayList.java:1596)
at org.testng.TestRunner.privateRun(TestRunner.java:819)
at org.testng.TestRunner.run(TestRunner.java:619)
at org.testng.SuiteRunner.runTest(SuiteRunner.java:443)
at org.testng.SuiteRunner.runSequentially(SuiteRunner.java:437)
at org.testng.SuiteRunner.privateRun(SuiteRunner.java:397)
at org.testng.SuiteRunner.run(SuiteRunner.java:336)
at org.testng.SuiteRunnerWorker.runSuite(SuiteRunnerWorker.java:52)
at org.testng.SuiteRunnerWorker.run(SuiteRunnerWorker.java:95)
at org.testng.TestNG.runSuitesSequentially(TestNG.java:1301)
at org.testng.TestNG.runSuitesLocally(TestNG.java:1228)
at org.testng.TestNG.runSuites(TestNG.java:1134)
at org.testng.TestNG.run(TestNG.java:1101)
at org.testng.remote.AbstractRemoteTestNG.run(AbstractRemoteTestNG.java:115)
at org.testng.remote.RemoteTestNG.initAndRun(RemoteTestNG.java:293)
at org.testng.remote.RemoteTestNG.main(RemoteTestNG.java:91)
]]>
    </failure>
  </testcase> <!-- loginWithMultipleUsers -->
  <testcase classname="tests.LoginTest" name="loginWithMultipleUsers" time="3.592">
    <failure type="java.lang.AssertionError" message="❌ Login failed for user: priyanka_agent2 expected [false] but found [true]">
      <![CDATA[java.lang.AssertionError: ❌ Login failed for user: priyanka_agent2 expected [false] but found [true]
at org.testng.Assert.fail(Assert.java:111)
at org.testng.Assert.failNotEquals(Assert.java:1578)
at org.testng.Assert.assertFalse(Assert.java:79)
at tests.LoginTest.loginWithMultipleUsers(LoginTest.java:50)
at java.base/jdk.internal.reflect.DirectMethodHandleAccessor.invoke(DirectMethodHandleAccessor.java:103)
at java.base/java.lang.reflect.Method.invoke(Method.java:580)
at org.testng.internal.invokers.MethodInvocationHelper.invokeMethod(MethodInvocationHelper.java:139)
at org.testng.internal.invokers.TestInvoker.invokeMethod(TestInvoker.java:664)
at org.testng.internal.invokers.TestInvoker.invokeTestMethod(TestInvoker.java:228)
at org.testng.internal.invokers.MethodRunner.runInSequence(MethodRunner.java:63)
at org.testng.internal.invokers.TestInvoker$MethodInvocationAgent.invoke(TestInvoker.java:961)
at org.testng.internal.invokers.TestInvoker.invokeTestMethods(TestInvoker.java:201)
at org.testng.internal.invokers.TestMethodWorker.invokeTestMethods(TestMethodWorker.java:148)
at org.testng.internal.invokers.TestMethodWorker.run(TestMethodWorker.java:128)
at java.base/java.util.ArrayList.forEach(ArrayList.java:1596)
at org.testng.TestRunner.privateRun(TestRunner.java:819)
at org.testng.TestRunner.run(TestRunner.java:619)
at org.testng.SuiteRunner.runTest(SuiteRunner.java:443)
at org.testng.SuiteRunner.runSequentially(SuiteRunner.java:437)
at org.testng.SuiteRunner.privateRun(SuiteRunner.java:397)
at org.testng.SuiteRunner.run(SuiteRunner.java:336)
at org.testng.SuiteRunnerWorker.runSuite(SuiteRunnerWorker.java:52)
at org.testng.SuiteRunnerWorker.run(SuiteRunnerWorker.java:95)
at org.testng.TestNG.runSuitesSequentially(TestNG.java:1301)
at org.testng.TestNG.runSuitesLocally(TestNG.java:1228)
at org.testng.TestNG.runSuites(TestNG.java:1134)
at org.testng.TestNG.run(TestNG.java:1101)
at org.testng.remote.AbstractRemoteTestNG.run(AbstractRemoteTestNG.java:115)
at org.testng.remote.RemoteTestNG.initAndRun(RemoteTestNG.java:293)
at org.testng.remote.RemoteTestNG.main(RemoteTestNG.java:91)
]]>
    </failure>
  </testcase> <!-- loginWithMultipleUsers -->
  <testcase classname="tests.LoginTest" name="loginWithMultipleUsers" time="3.591">
    <failure type="java.lang.AssertionError" message="❌ Login failed for user: priyanka_agentl3 expected [false] but found [true]">
      <![CDATA[java.lang.AssertionError: ❌ Login failed for user: priyanka_agentl3 expected [false] but found [true]
at org.testng.Assert.fail(Assert.java:111)
at org.testng.Assert.failNotEquals(Assert.java:1578)
at org.testng.Assert.assertFalse(Assert.java:79)
at tests.LoginTest.loginWithMultipleUsers(LoginTest.java:50)
at java.base/jdk.internal.reflect.DirectMethodHandleAccessor.invoke(DirectMethodHandleAccessor.java:103)
at java.base/java.lang.reflect.Method.invoke(Method.java:580)
at org.testng.internal.invokers.MethodInvocationHelper.invokeMethod(MethodInvocationHelper.java:139)
at org.testng.internal.invokers.TestInvoker.invokeMethod(TestInvoker.java:664)
at org.testng.internal.invokers.TestInvoker.invokeTestMethod(TestInvoker.java:228)
at org.testng.internal.invokers.MethodRunner.runInSequence(MethodRunner.java:63)
at org.testng.internal.invokers.TestInvoker$MethodInvocationAgent.invoke(TestInvoker.java:961)
at org.testng.internal.invokers.TestInvoker.invokeTestMethods(TestInvoker.java:201)
at org.testng.internal.invokers.TestMethodWorker.invokeTestMethods(TestMethodWorker.java:148)
at org.testng.internal.invokers.TestMethodWorker.run(TestMethodWorker.java:128)
at java.base/java.util.ArrayList.forEach(ArrayList.java:1596)
at org.testng.TestRunner.privateRun(TestRunner.java:819)
at org.testng.TestRunner.run(TestRunner.java:619)
at org.testng.SuiteRunner.runTest(SuiteRunner.java:443)
at org.testng.SuiteRunner.runSequentially(SuiteRunner.java:437)
at org.testng.SuiteRunner.privateRun(SuiteRunner.java:397)
at org.testng.SuiteRunner.run(SuiteRunner.java:336)
at org.testng.SuiteRunnerWorker.runSuite(SuiteRunnerWorker.java:52)
at org.testng.SuiteRunnerWorker.run(SuiteRunnerWorker.java:95)
at org.testng.TestNG.runSuitesSequentially(TestNG.java:1301)
at org.testng.TestNG.runSuitesLocally(TestNG.java:1228)
at org.testng.TestNG.runSuites(TestNG.java:1134)
at org.testng.TestNG.run(TestNG.java:1101)
at org.testng.remote.AbstractRemoteTestNG.run(AbstractRemoteTestNG.java:115)
at org.testng.remote.RemoteTestNG.initAndRun(RemoteTestNG.java:293)
at org.testng.remote.RemoteTestNG.main(RemoteTestNG.java:91)
]]>
    </failure>
  </testcase> <!-- loginWithMultipleUsers -->
  <testcase classname="tests.LoginTest" name="loginWithMultipleUsers" time="5.669"/>
  <testcase classname="tests.LoginTest" name="loginWithMultipleUsers" time="4.456"/>
  <testcase classname="tests.LoginTest" name="loginWithMultipleUsers" time="10.173"/>
  <testcase classname="tests.LoginTest" name="loginWithMultipleUsers" time="4.783"/>
  <testcase classname="tests.LoginTest" name="loginWithMultipleUsers" time="10.623"/>
  <testcase classname="tests.LoginTest" name="loginWithMultipleUsers" time="5.186"/>
  <testcase classname="tests.LoginTest" name="loginWithMultipleUsers" time="4.987"/>
  <testcase classname="tests.LoginTest" name="loginWithMultipleUsers" time="4.532"/>
  <testcase classname="tests.LoginTest" name="loginWithMultipleUsers" time="5.083"/>
  <testcase classname="tests.LoginTest" name="loginWithMultipleUsers" time="5.279"/>
  <testcase classname="tests.LoginTest" name="loginWithMultipleUsers" time="5.427"/>
  <testcase classname="tests.LoginTest" name="loginWithMultipleUsers" time="5.465"/>
  <testcase classname="tests.LoginTest" name="loginWithMultipleUsers" time="4.554"/>
  <testcase classname="tests.LoginTest" name="loginWithMultipleUsers" time="6.853"/>
  <testcase classname="tests.LoginTest" name="loginWithMultipleUsers" time="6.309"/>
  <testcase classname="tests.LoginTest" name="loginWithMultipleUsers" time="5.482"/>
  <testcase classname="tests.LoginTest" name="loginWithMultipleUsers" time="5.385"/>
  <testcase classname="tests.LoginTest" name="loginWithMultipleUsers" time="9.082"/>
  <testcase classname="tests.LoginTest" name="loginWithMultipleUsers" time="9.172"/>
  <testcase classname="tests.LoginTest" name="loginWithMultipleUsers" time="18.228"/>
  <testcase classname="tests.LoginTest" name="loginWithMultipleUsers" time="5.713"/>
  <testcase classname="tests.LoginTest" name="loginWithMultipleUsers" time="4.553"/>
  <testcase classname="tests.LoginTest" name="loginWithMultipleUsers" time="9.397"/>
  <testcase classname="tests.LoginTest" name="loginWithMultipleUsers" time="5.234"/>
  <testcase classname="tests.LoginTest" name="loginWithMultipleUsers" time="5.144"/>
  <testcase classname="tests.LoginTest" name="loginWithMultipleUsers" time="9.025"/>
  <testcase classname="tests.LoginTest" name="loginWithMultipleUsers" time="4.224"/>
  <testcase classname="tests.LoginTest" name="loginWithMultipleUsers" time="4.078"/>
  <testcase classname="tests.LoginTest" name="loginWithMultipleUsers" time="9.006"/>
  <testcase classname="tests.LoginTest" name="loginWithMultipleUsers" time="9.394"/>
  <testcase classname="tests.LoginTest" name="loginWithMultipleUsers" time="4.037"/>
</testsuite> <!-- Default test -->
