<?xml version="1.0" encoding="UTF-8"?>
<!-- Generated by org.testng.reporters.JUnitXMLReporter -->
<testsuite ignored="0" hostname="Admins-MacBook-Air.local" failures="2" tests="39" name="Default test" time="216.742" errors="0" timestamp="2026-04-30T13:40:22 IST">
  <testcase classname="tests.LoginTest" name="loginWithMultipleUsers" time="6.07"/>
  <testcase classname="tests.LoginTest" name="loginWithMultipleUsers" time="3.775"/>
  <testcase classname="tests.LoginTest" name="loginWithMultipleUsers" time="1.683"/>
  <testcase classname="tests.LoginTest" name="loginWithMultipleUsers" time="1.648"/>
  <testcase classname="tests.LoginTest" name="loginWithMultipleUsers" time="2.789"/>
  <testcase classname="tests.LoginTest" name="loginWithMultipleUsers" time="1.123"/>
  <testcase classname="tests.LoginTest" name="loginWithMultipleUsers" time="1.217">
    <failure type="java.lang.AssertionError" message="❌ Login failed for user: priyanka_agent2 expected [true] but found [false]">
      <![CDATA[java.lang.AssertionError: ❌ Login failed for user: priyanka_agent2 expected [true] but found [false]
at org.testng.Assert.fail(Assert.java:111)
at org.testng.Assert.failNotEquals(Assert.java:1578)
at org.testng.Assert.assertTrue(Assert.java:57)
at tests.LoginTest.loginWithMultipleUsers(LoginTest.java:51)
at java.base/jdk.internal.reflect.DirectMethodHandleAccessor.invoke(DirectMethodHandleAccessor.java:103)
at java.base/java.lang.reflect.Method.invoke(Method.java:580)
at org.testng.internal.invokers.MethodInvocationHelper.invokeMethod(MethodInvocationHelper.java:139)
at org.testng.internal.invokers.TestInvoker.invokeMethod(TestInvoker.java:664)
at org.testng.internal.invokers.TestInvoker.invokeTestMethod(TestInvoker.java:228)
at org.testng.internal.invokers.MethodRunner.runInSequence(MethodRunner.java:63)
at org.testng.internal.invokers.TestInvoker$MethodInvocationAgent.invoke(TestInvoker.java:961)
at org.testng.internal.invokers.TestInvoker.invokeTestMethods(TestInvoker.java:201)
at org.testng.internal.invokers.TestMethodWorker.invokeTestMethods(TestMethodWorker.java:148)
at org.testng.internal.invokers.TestMethodWorker.run(TestMethodWorker.java:128)
at java.base/java.util.ArrayList.forEach(ArrayList.java:1596)
at org.testng.TestRunner.privateRun(TestRunner.java:819)
at org.testng.TestRunner.run(TestRunner.java:619)
at org.testng.SuiteRunner.runTest(SuiteRunner.java:443)
at org.testng.SuiteRunner.runSequentially(SuiteRunner.java:437)
at org.testng.SuiteRunner.privateRun(SuiteRunner.java:397)
at org.testng.SuiteRunner.run(SuiteRunner.java:336)
at org.testng.SuiteRunnerWorker.runSuite(SuiteRunnerWorker.java:52)
at org.testng.SuiteRunnerWorker.run(SuiteRunnerWorker.java:95)
at org.testng.TestNG.runSuitesSequentially(TestNG.java:1301)
at org.testng.TestNG.runSuitesLocally(TestNG.java:1228)
at org.testng.TestNG.runSuites(TestNG.java:1134)
at org.testng.TestNG.run(TestNG.java:1101)
at org.testng.remote.AbstractRemoteTestNG.run(AbstractRemoteTestNG.java:115)
at org.testng.remote.RemoteTestNG.initAndRun(RemoteTestNG.java:293)
at org.testng.remote.RemoteTestNG.main(RemoteTestNG.java:91)
]]>
    </failure>
  </testcase> <!-- loginWithMultipleUsers -->
  <testcase classname="tests.LoginTest" name="loginWithMultipleUsers" time="1.481">
    <failure type="java.lang.AssertionError" message="❌ Login failed for user: priyanka_agentl3 expected [true] but found [false]">
      <![CDATA[java.lang.AssertionError: ❌ Login failed for user: priyanka_agentl3 expected [true] but found [false]
at org.testng.Assert.fail(Assert.java:111)
at org.testng.Assert.failNotEquals(Assert.java:1578)
at org.testng.Assert.assertTrue(Assert.java:57)
at tests.LoginTest.loginWithMultipleUsers(LoginTest.java:51)
at java.base/jdk.internal.reflect.DirectMethodHandleAccessor.invoke(DirectMethodHandleAccessor.java:103)
at java.base/java.lang.reflect.Method.invoke(Method.java:580)
at org.testng.internal.invokers.MethodInvocationHelper.invokeMethod(MethodInvocationHelper.java:139)
at org.testng.internal.invokers.TestInvoker.invokeMethod(TestInvoker.java:664)
at org.testng.internal.invokers.TestInvoker.invokeTestMethod(TestInvoker.java:228)
at org.testng.internal.invokers.MethodRunner.runInSequence(MethodRunner.java:63)
at org.testng.internal.invokers.TestInvoker$MethodInvocationAgent.invoke(TestInvoker.java:961)
at org.testng.internal.invokers.TestInvoker.invokeTestMethods(TestInvoker.java:201)
at org.testng.internal.invokers.TestMethodWorker.invokeTestMethods(TestMethodWorker.java:148)
at org.testng.internal.invokers.TestMethodWorker.run(TestMethodWorker.java:128)
at java.base/java.util.ArrayList.forEach(ArrayList.java:1596)
at org.testng.TestRunner.privateRun(TestRunner.java:819)
at org.testng.TestRunner.run(TestRunner.java:619)
at org.testng.SuiteRunner.runTest(SuiteRunner.java:443)
at org.testng.SuiteRunner.runSequentially(SuiteRunner.java:437)
at org.testng.SuiteRunner.privateRun(SuiteRunner.java:397)
at org.testng.SuiteRunner.run(SuiteRunner.java:336)
at org.testng.SuiteRunnerWorker.runSuite(SuiteRunnerWorker.java:52)
at org.testng.SuiteRunnerWorker.run(SuiteRunnerWorker.java:95)
at org.testng.TestNG.runSuitesSequentially(TestNG.java:1301)
at org.testng.TestNG.runSuitesLocally(TestNG.java:1228)
at org.testng.TestNG.runSuites(TestNG.java:1134)
at org.testng.TestNG.run(TestNG.java:1101)
at org.testng.remote.AbstractRemoteTestNG.run(AbstractRemoteTestNG.java:115)
at org.testng.remote.RemoteTestNG.initAndRun(RemoteTestNG.java:293)
at org.testng.remote.RemoteTestNG.main(RemoteTestNG.java:91)
]]>
    </failure>
  </testcase> <!-- loginWithMultipleUsers -->
  <testcase classname="tests.LoginTest" name="loginWithMultipleUsers" time="3.136"/>
  <testcase classname="tests.LoginTest" name="loginWithMultipleUsers" time="1.967"/>
  <testcase classname="tests.LoginTest" name="loginWithMultipleUsers" time="1.775"/>
  <testcase classname="tests.LoginTest" name="loginWithMultipleUsers" time="2.505"/>
  <testcase classname="tests.LoginTest" name="loginWithMultipleUsers" time="2.546"/>
  <testcase classname="tests.LoginTest" name="loginWithMultipleUsers" time="2.87"/>
  <testcase classname="tests.LoginTest" name="loginWithMultipleUsers" time="1.457"/>
  <testcase classname="tests.LoginTest" name="loginWithMultipleUsers" time="1.357"/>
  <testcase classname="tests.LoginTest" name="loginWithMultipleUsers" time="1.439"/>
  <testcase classname="tests.LoginTest" name="loginWithMultipleUsers" time="1.763"/>
  <testcase classname="tests.LoginTest" name="loginWithMultipleUsers" time="1.948"/>
  <testcase classname="tests.LoginTest" name="loginWithMultipleUsers" time="1.608"/>
  <testcase classname="tests.LoginTest" name="loginWithMultipleUsers" time="2.146"/>
  <testcase classname="tests.LoginTest" name="loginWithMultipleUsers" time="1.741"/>
  <testcase classname="tests.LoginTest" name="loginWithMultipleUsers" time="2.833"/>
  <testcase classname="tests.LoginTest" name="loginWithMultipleUsers" time="1.718"/>
  <testcase classname="tests.LoginTest" name="loginWithMultipleUsers" time="1.921"/>
  <testcase classname="tests.LoginTest" name="loginWithMultipleUsers" time="1.921"/>
  <testcase classname="tests.LoginTest" name="loginWithMultipleUsers" time="1.926"/>
  <testcase classname="tests.LoginTest" name="loginWithMultipleUsers" time="3.607"/>
  <testcase classname="tests.LoginTest" name="loginWithMultipleUsers" time="3.114"/>
  <testcase classname="tests.LoginTest" name="loginWithMultipleUsers" time="1.496"/>
  <testcase classname="tests.LoginTest" name="loginWithMultipleUsers" time="1.28"/>
  <testcase classname="tests.LoginTest" name="loginWithMultipleUsers" time="1.664"/>
  <testcase classname="tests.LoginTest" name="loginWithMultipleUsers" time="1.826"/>
  <testcase classname="tests.LoginTest" name="loginWithMultipleUsers" time="1.89"/>
  <testcase classname="tests.LoginTest" name="loginWithMultipleUsers" time="1.269"/>
  <testcase classname="tests.LoginTest" name="loginWithMultipleUsers" time="2.118"/>
  <testcase classname="tests.LoginTest" name="loginWithMultipleUsers" time="2.848"/>
  <testcase classname="tests.LoginTest" name="loginWithMultipleUsers" time="1.804"/>
  <testcase classname="tests.LoginTest" name="loginWithMultipleUsers" time="2.004"/>
</testsuite> <!-- Default test -->
