<?xml version="1.0" encoding="UTF-8"?>
<testng-results ignored="0" total="39" passed="36" failed="3" skipped="0">
  <reporter-output>
  </reporter-output>
  <suite started-at="2026-05-11T15:38:16 IST" name="Default suite" finished-at="2026-05-11T15:44:43 IST" duration-ms="386329">
    <groups>
    </groups>
    <test started-at="2026-05-11T15:38:16 IST" name="Default test" finished-at="2026-05-11T15:44:43 IST" duration-ms="386329">
      <class name="tests.LoginTest">
        <test-method is-config="true" signature="setUp()[pri:0, instance:tests.LoginTest@6cf0e0ba]" started-at="2026-05-11T15:38:18 IST" name="setUp" finished-at="2026-05-11T15:38:26 IST" duration-ms="7815" status="PASS">
          <reporter-output>
          </reporter-output>
        </test-method> <!-- setUp -->
        <test-method signature="loginWithMultipleUsers(java.util.HashMap)[pri:0, instance:tests.LoginTest@6cf0e0ba]" started-at="2026-05-11T15:38:26 IST" name="loginWithMultipleUsers" data-provider="loginData" finished-at="2026-05-11T15:38:34 IST" duration-ms="7784" status="PASS">
          <params>
            <param index="0">
              <value>
                <![CDATA[{password=lmsadmin@111, menus=Dashboard,Manage Users,Lead Report,Notifications,Automated Warmup Mail,Transaction Mail,Unmask & History,AMP Templates,WhatsApp,Pushed Leads History,UTM Leads Blocker,URL Generator,Logging,Analytics,Analytics panel,Leads Supply Dashboard, type=sidebar, username=root}]]>
              </value>
            </param>
          </params>
          <reporter-output>
          </reporter-output>
        </test-method> <!-- loginWithMultipleUsers -->
        <test-method is-config="true" signature="tearDown()[pri:0, instance:tests.LoginTest@6cf0e0ba]" started-at="2026-05-11T15:38:34 IST" name="tearDown" finished-at="2026-05-11T15:38:34 IST" duration-ms="322" status="PASS">
          <reporter-output>
          </reporter-output>
        </test-method> <!-- tearDown -->
        <test-method is-config="true" signature="setUp()[pri:0, instance:tests.LoginTest@6cf0e0ba]" started-at="2026-05-11T15:38:34 IST" name="setUp" finished-at="2026-05-11T15:38:39 IST" duration-ms="4709" status="PASS">
          <reporter-output>
          </reporter-output>
        </test-method> <!-- setUp -->
        <test-method signature="loginWithMultipleUsers(java.util.HashMap)[pri:0, instance:tests.LoginTest@6cf0e0ba]" started-at="2026-05-11T15:38:39 IST" name="loginWithMultipleUsers" data-provider="loginData" finished-at="2026-05-11T15:38:44 IST" duration-ms="5248" status="PASS">
          <params>
            <param index="0">
              <value>
                <![CDATA[{password=lmsadmin@111, menus=Dashboard,Create,Central Team,Sales Representatives,Clients,Campaigns,Notifications,URL Generator, type=sidebar, username=priyanka_sales_manager}]]>
              </value>
            </param>
          </params>
          <reporter-output>
          </reporter-output>
        </test-method> <!-- loginWithMultipleUsers -->
        <test-method is-config="true" signature="tearDown()[pri:0, instance:tests.LoginTest@6cf0e0ba]" started-at="2026-05-11T15:38:44 IST" name="tearDown" finished-at="2026-05-11T15:38:44 IST" duration-ms="202" status="PASS">
          <reporter-output>
          </reporter-output>
        </test-method> <!-- tearDown -->
        <test-method is-config="true" signature="setUp()[pri:0, instance:tests.LoginTest@6cf0e0ba]" started-at="2026-05-11T15:38:44 IST" name="setUp" finished-at="2026-05-11T15:38:48 IST" duration-ms="3331" status="PASS">
          <reporter-output>
          </reporter-output>
        </test-method> <!-- setUp -->
        <test-method signature="loginWithMultipleUsers(java.util.HashMap)[pri:0, instance:tests.LoginTest@6cf0e0ba]" started-at="2026-05-11T15:38:48 IST" name="loginWithMultipleUsers" data-provider="loginData" finished-at="2026-05-11T15:38:52 IST" duration-ms="4132" status="PASS">
          <params>
            <param index="0">
              <value>
                <![CDATA[{password=lmsadmin@111, menus=Dashboard,Client,Client Stats,Campaigns,Notifications,URL Generator, type=sidebar, username=priyanka_sales_executive}]]>
              </value>
            </param>
          </params>
          <reporter-output>
          </reporter-output>
        </test-method> <!-- loginWithMultipleUsers -->
        <test-method is-config="true" signature="tearDown()[pri:0, instance:tests.LoginTest@6cf0e0ba]" started-at="2026-05-11T15:38:52 IST" name="tearDown" finished-at="2026-05-11T15:38:52 IST" duration-ms="202" status="PASS">
          <reporter-output>
          </reporter-output>
        </test-method> <!-- tearDown -->
        <test-method is-config="true" signature="setUp()[pri:0, instance:tests.LoginTest@6cf0e0ba]" started-at="2026-05-11T15:38:52 IST" name="setUp" finished-at="2026-05-11T15:38:55 IST" duration-ms="3339" status="PASS">
          <reporter-output>
          </reporter-output>
        </test-method> <!-- setUp -->
        <test-method signature="loginWithMultipleUsers(java.util.HashMap)[pri:0, instance:tests.LoginTest@6cf0e0ba]" started-at="2026-05-11T15:38:55 IST" name="loginWithMultipleUsers" data-provider="loginData" finished-at="2026-05-11T15:39:01 IST" duration-ms="5765" status="PASS">
          <params>
            <param index="0">
              <value>
                <![CDATA[{password=lmsadmin@111, menus=Dashboard,Campaigns,Blacklist/Whitelist,Clients,Global Upload,Feedback Upload,Ads,E-Mail Panel,SMS Panel,URL Shortener,WhatsApp,Notifications,Lead Report,Unmask & History,NPS Report,Pushed Leads History,Admission Attributions,URL Generator,Decoder, type=sidebar, username=priyanka_operations_manager}]]>
              </value>
            </param>
          </params>
          <reporter-output>
          </reporter-output>
        </test-method> <!-- loginWithMultipleUsers -->
        <test-method is-config="true" signature="tearDown()[pri:0, instance:tests.LoginTest@6cf0e0ba]" started-at="2026-05-11T15:39:01 IST" name="tearDown" finished-at="2026-05-11T15:39:01 IST" duration-ms="193" status="PASS">
          <reporter-output>
          </reporter-output>
        </test-method> <!-- tearDown -->
        <test-method is-config="true" signature="setUp()[pri:0, instance:tests.LoginTest@6cf0e0ba]" started-at="2026-05-11T15:39:01 IST" name="setUp" finished-at="2026-05-11T15:39:04 IST" duration-ms="3204" status="PASS">
          <reporter-output>
          </reporter-output>
        </test-method> <!-- setUp -->
        <test-method signature="loginWithMultipleUsers(java.util.HashMap)[pri:0, instance:tests.LoginTest@6cf0e0ba]" started-at="2026-05-11T15:39:04 IST" name="loginWithMultipleUsers" data-provider="loginData" finished-at="2026-05-11T15:39:10 IST" duration-ms="5191" status="PASS">
          <params>
            <param index="0">
              <value>
                <![CDATA[{password=lmsadmin@111, menus=Admission Attributions, type=, username=priyanka_attribution_operations}]]>
              </value>
            </param>
          </params>
          <reporter-output>
          </reporter-output>
        </test-method> <!-- loginWithMultipleUsers -->
        <test-method is-config="true" signature="tearDown()[pri:0, instance:tests.LoginTest@6cf0e0ba]" started-at="2026-05-11T15:39:10 IST" name="tearDown" finished-at="2026-05-11T15:39:10 IST" duration-ms="201" status="PASS">
          <reporter-output>
          </reporter-output>
        </test-method> <!-- tearDown -->
        <test-method is-config="true" signature="setUp()[pri:0, instance:tests.LoginTest@6cf0e0ba]" started-at="2026-05-11T15:39:10 IST" name="setUp" finished-at="2026-05-11T15:39:13 IST" duration-ms="3308" status="PASS">
          <reporter-output>
          </reporter-output>
        </test-method> <!-- setUp -->
        <test-method signature="loginWithMultipleUsers(java.util.HashMap)[pri:0, instance:tests.LoginTest@6cf0e0ba]" started-at="2026-05-11T15:39:13 IST" name="loginWithMultipleUsers" data-provider="loginData" finished-at="2026-05-11T15:39:17 IST" duration-ms="3557" status="FAIL">
          <params>
            <param index="0">
              <value>
                <![CDATA[{password=lmsadmin@111, menus=, type=, username=priyanka_agent1}]]>
              </value>
            </param>
          </params>
          <exception class="java.lang.AssertionError">
            <message>
              <![CDATA[❌ Login failed for user: priyanka_agent1 expected [false] but found [true]]]>
            </message>
            <full-stacktrace>
              <![CDATA[java.lang.AssertionError: ❌ Login failed for user: priyanka_agent1 expected [false] but found [true]
at org.testng.Assert.fail(Assert.java:111)
at org.testng.Assert.failNotEquals(Assert.java:1578)
at org.testng.Assert.assertFalse(Assert.java:79)
at tests.LoginTest.loginWithMultipleUsers(LoginTest.java:50)
at java.base/jdk.internal.reflect.DirectMethodHandleAccessor.invoke(DirectMethodHandleAccessor.java:103)
at java.base/java.lang.reflect.Method.invoke(Method.java:580)
at org.testng.internal.invokers.MethodInvocationHelper.invokeMethod(MethodInvocationHelper.java:139)
at org.testng.internal.invokers.TestInvoker.invokeMethod(TestInvoker.java:664)
at org.testng.internal.invokers.TestInvoker.invokeTestMethod(TestInvoker.java:228)
at org.testng.internal.invokers.MethodRunner.runInSequence(MethodRunner.java:63)
at org.testng.internal.invokers.TestInvoker$MethodInvocationAgent.invoke(TestInvoker.java:961)
at org.testng.internal.invokers.TestInvoker.invokeTestMethods(TestInvoker.java:201)
at org.testng.internal.invokers.TestMethodWorker.invokeTestMethods(TestMethodWorker.java:148)
at org.testng.internal.invokers.TestMethodWorker.run(TestMethodWorker.java:128)
at java.base/java.util.ArrayList.forEach(ArrayList.java:1596)
at org.testng.TestRunner.privateRun(TestRunner.java:819)
at org.testng.TestRunner.run(TestRunner.java:619)
at org.testng.SuiteRunner.runTest(SuiteRunner.java:443)
at org.testng.SuiteRunner.runSequentially(SuiteRunner.java:437)
at org.testng.SuiteRunner.privateRun(SuiteRunner.java:397)
at org.testng.SuiteRunner.run(SuiteRunner.java:336)
at org.testng.SuiteRunnerWorker.runSuite(SuiteRunnerWorker.java:52)
at org.testng.SuiteRunnerWorker.run(SuiteRunnerWorker.java:95)
at org.testng.TestNG.runSuitesSequentially(TestNG.java:1301)
at org.testng.TestNG.runSuitesLocally(TestNG.java:1228)
at org.testng.TestNG.runSuites(TestNG.java:1134)
at org.testng.TestNG.run(TestNG.java:1101)
at org.testng.remote.AbstractRemoteTestNG.run(AbstractRemoteTestNG.java:115)
at org.testng.remote.RemoteTestNG.initAndRun(RemoteTestNG.java:293)
at org.testng.remote.RemoteTestNG.main(RemoteTestNG.java:91)
]]>
            </full-stacktrace>
          </exception> <!-- java.lang.AssertionError -->
          <reporter-output>
          </reporter-output>
        </test-method> <!-- loginWithMultipleUsers -->
        <test-method is-config="true" signature="tearDown()[pri:0, instance:tests.LoginTest@6cf0e0ba]" started-at="2026-05-11T15:39:17 IST" name="tearDown" finished-at="2026-05-11T15:39:17 IST" duration-ms="238" status="PASS">
          <reporter-output>
          </reporter-output>
        </test-method> <!-- tearDown -->
        <test-method is-config="true" signature="setUp()[pri:0, instance:tests.LoginTest@6cf0e0ba]" started-at="2026-05-11T15:39:17 IST" name="setUp" finished-at="2026-05-11T15:39:21 IST" duration-ms="4461" status="PASS">
          <reporter-output>
          </reporter-output>
        </test-method> <!-- setUp -->
        <test-method signature="loginWithMultipleUsers(java.util.HashMap)[pri:0, instance:tests.LoginTest@6cf0e0ba]" started-at="2026-05-11T15:39:21 IST" name="loginWithMultipleUsers" data-provider="loginData" finished-at="2026-05-11T15:39:25 IST" duration-ms="3592" status="FAIL">
          <params>
            <param index="0">
              <value>
                <![CDATA[{password=lmsadmin@111, menus=, type=, username=priyanka_agent2}]]>
              </value>
            </param>
          </params>
          <exception class="java.lang.AssertionError">
            <message>
              <![CDATA[❌ Login failed for user: priyanka_agent2 expected [false] but found [true]]]>
            </message>
            <full-stacktrace>
              <![CDATA[java.lang.AssertionError: ❌ Login failed for user: priyanka_agent2 expected [false] but found [true]
at org.testng.Assert.fail(Assert.java:111)
at org.testng.Assert.failNotEquals(Assert.java:1578)
at org.testng.Assert.assertFalse(Assert.java:79)
at tests.LoginTest.loginWithMultipleUsers(LoginTest.java:50)
at java.base/jdk.internal.reflect.DirectMethodHandleAccessor.invoke(DirectMethodHandleAccessor.java:103)
at java.base/java.lang.reflect.Method.invoke(Method.java:580)
at org.testng.internal.invokers.MethodInvocationHelper.invokeMethod(MethodInvocationHelper.java:139)
at org.testng.internal.invokers.TestInvoker.invokeMethod(TestInvoker.java:664)
at org.testng.internal.invokers.TestInvoker.invokeTestMethod(TestInvoker.java:228)
at org.testng.internal.invokers.MethodRunner.runInSequence(MethodRunner.java:63)
at org.testng.internal.invokers.TestInvoker$MethodInvocationAgent.invoke(TestInvoker.java:961)
at org.testng.internal.invokers.TestInvoker.invokeTestMethods(TestInvoker.java:201)
at org.testng.internal.invokers.TestMethodWorker.invokeTestMethods(TestMethodWorker.java:148)
at org.testng.internal.invokers.TestMethodWorker.run(TestMethodWorker.java:128)
at java.base/java.util.ArrayList.forEach(ArrayList.java:1596)
at org.testng.TestRunner.privateRun(TestRunner.java:819)
at org.testng.TestRunner.run(TestRunner.java:619)
at org.testng.SuiteRunner.runTest(SuiteRunner.java:443)
at org.testng.SuiteRunner.runSequentially(SuiteRunner.java:437)
at org.testng.SuiteRunner.privateRun(SuiteRunner.java:397)
at org.testng.SuiteRunner.run(SuiteRunner.java:336)
at org.testng.SuiteRunnerWorker.runSuite(SuiteRunnerWorker.java:52)
at org.testng.SuiteRunnerWorker.run(SuiteRunnerWorker.java:95)
at org.testng.TestNG.runSuitesSequentially(TestNG.java:1301)
at org.testng.TestNG.runSuitesLocally(TestNG.java:1228)
at org.testng.TestNG.runSuites(TestNG.java:1134)
at org.testng.TestNG.run(TestNG.java:1101)
at org.testng.remote.AbstractRemoteTestNG.run(AbstractRemoteTestNG.java:115)
at org.testng.remote.RemoteTestNG.initAndRun(RemoteTestNG.java:293)
at org.testng.remote.RemoteTestNG.main(RemoteTestNG.java:91)
]]>
            </full-stacktrace>
          </exception> <!-- java.lang.AssertionError -->
          <reporter-output>
          </reporter-output>
        </test-method> <!-- loginWithMultipleUsers -->
        <test-method is-config="true" signature="tearDown()[pri:0, instance:tests.LoginTest@6cf0e0ba]" started-at="2026-05-11T15:39:25 IST" name="tearDown" finished-at="2026-05-11T15:39:25 IST" duration-ms="223" status="PASS">
          <reporter-output>
          </reporter-output>
        </test-method> <!-- tearDown -->
        <test-method is-config="true" signature="setUp()[pri:0, instance:tests.LoginTest@6cf0e0ba]" started-at="2026-05-11T15:39:25 IST" name="setUp" finished-at="2026-05-11T15:39:28 IST" duration-ms="2923" status="PASS">
          <reporter-output>
          </reporter-output>
        </test-method> <!-- setUp -->
        <test-method signature="loginWithMultipleUsers(java.util.HashMap)[pri:0, instance:tests.LoginTest@6cf0e0ba]" started-at="2026-05-11T15:39:28 IST" name="loginWithMultipleUsers" data-provider="loginData" finished-at="2026-05-11T15:39:32 IST" duration-ms="3591" status="FAIL">
          <params>
            <param index="0">
              <value>
                <![CDATA[{password=lmsadmin@111, menus=, type=, username=priyanka_agentl3}]]>
              </value>
            </param>
          </params>
          <exception class="java.lang.AssertionError">
            <message>
              <![CDATA[❌ Login failed for user: priyanka_agentl3 expected [false] but found [true]]]>
            </message>
            <full-stacktrace>
              <![CDATA[java.lang.AssertionError: ❌ Login failed for user: priyanka_agentl3 expected [false] but found [true]
at org.testng.Assert.fail(Assert.java:111)
at org.testng.Assert.failNotEquals(Assert.java:1578)
at org.testng.Assert.assertFalse(Assert.java:79)
at tests.LoginTest.loginWithMultipleUsers(LoginTest.java:50)
at java.base/jdk.internal.reflect.DirectMethodHandleAccessor.invoke(DirectMethodHandleAccessor.java:103)
at java.base/java.lang.reflect.Method.invoke(Method.java:580)
at org.testng.internal.invokers.MethodInvocationHelper.invokeMethod(MethodInvocationHelper.java:139)
at org.testng.internal.invokers.TestInvoker.invokeMethod(TestInvoker.java:664)
at org.testng.internal.invokers.TestInvoker.invokeTestMethod(TestInvoker.java:228)
at org.testng.internal.invokers.MethodRunner.runInSequence(MethodRunner.java:63)
at org.testng.internal.invokers.TestInvoker$MethodInvocationAgent.invoke(TestInvoker.java:961)
at org.testng.internal.invokers.TestInvoker.invokeTestMethods(TestInvoker.java:201)
at org.testng.internal.invokers.TestMethodWorker.invokeTestMethods(TestMethodWorker.java:148)
at org.testng.internal.invokers.TestMethodWorker.run(TestMethodWorker.java:128)
at java.base/java.util.ArrayList.forEach(ArrayList.java:1596)
at org.testng.TestRunner.privateRun(TestRunner.java:819)
at org.testng.TestRunner.run(TestRunner.java:619)
at org.testng.SuiteRunner.runTest(SuiteRunner.java:443)
at org.testng.SuiteRunner.runSequentially(SuiteRunner.java:437)
at org.testng.SuiteRunner.privateRun(SuiteRunner.java:397)
at org.testng.SuiteRunner.run(SuiteRunner.java:336)
at org.testng.SuiteRunnerWorker.runSuite(SuiteRunnerWorker.java:52)
at org.testng.SuiteRunnerWorker.run(SuiteRunnerWorker.java:95)
at org.testng.TestNG.runSuitesSequentially(TestNG.java:1301)
at org.testng.TestNG.runSuitesLocally(TestNG.java:1228)
at org.testng.TestNG.runSuites(TestNG.java:1134)
at org.testng.TestNG.run(TestNG.java:1101)
at org.testng.remote.AbstractRemoteTestNG.run(AbstractRemoteTestNG.java:115)
at org.testng.remote.RemoteTestNG.initAndRun(RemoteTestNG.java:293)
at org.testng.remote.RemoteTestNG.main(RemoteTestNG.java:91)
]]>
            </full-stacktrace>
          </exception> <!-- java.lang.AssertionError -->
          <reporter-output>
          </reporter-output>
        </test-method> <!-- loginWithMultipleUsers -->
        <test-method is-config="true" signature="tearDown()[pri:0, instance:tests.LoginTest@6cf0e0ba]" started-at="2026-05-11T15:39:32 IST" name="tearDown" finished-at="2026-05-11T15:39:32 IST" duration-ms="214" status="PASS">
          <reporter-output>
          </reporter-output>
        </test-method> <!-- tearDown -->
        <test-method is-config="true" signature="setUp()[pri:0, instance:tests.LoginTest@6cf0e0ba]" started-at="2026-05-11T15:39:32 IST" name="setUp" finished-at="2026-05-11T15:39:35 IST" duration-ms="3017" status="PASS">
          <reporter-output>
          </reporter-output>
        </test-method> <!-- setUp -->
        <test-method signature="loginWithMultipleUsers(java.util.HashMap)[pri:0, instance:tests.LoginTest@6cf0e0ba]" started-at="2026-05-11T15:39:35 IST" name="loginWithMultipleUsers" data-provider="loginData" finished-at="2026-05-11T15:39:41 IST" duration-ms="5669" status="PASS">
          <params>
            <param index="0">
              <value>
                <![CDATA[{password=lmsadmin@111, menus=Dashboard,Campaigns,Blacklist/Whitelist,Agent Tagging,CRM Templates,Clients,Global Upload,Feedback Upload,Ads,WhatsApp,Notifications,Lead Report,Unmask & History,NPS Report,Pushed Leads History,Admission Attributions,URL Generator,Decoder,Lead Push To Orion,ORION,Orion Analytics,Upload Orion Audio, type=sidebar, username=priyanka_admin_agent}]]>
              </value>
            </param>
          </params>
          <reporter-output>
          </reporter-output>
        </test-method> <!-- loginWithMultipleUsers -->
        <test-method is-config="true" signature="tearDown()[pri:0, instance:tests.LoginTest@6cf0e0ba]" started-at="2026-05-11T15:39:41 IST" name="tearDown" finished-at="2026-05-11T15:39:41 IST" duration-ms="201" status="PASS">
          <reporter-output>
          </reporter-output>
        </test-method> <!-- tearDown -->
        <test-method is-config="true" signature="setUp()[pri:0, instance:tests.LoginTest@6cf0e0ba]" started-at="2026-05-11T15:39:41 IST" name="setUp" finished-at="2026-05-11T15:39:44 IST" duration-ms="2933" status="PASS">
          <reporter-output>
          </reporter-output>
        </test-method> <!-- setUp -->
        <test-method signature="loginWithMultipleUsers(java.util.HashMap)[pri:0, instance:tests.LoginTest@6cf0e0ba]" started-at="2026-05-11T15:39:44 IST" name="loginWithMultipleUsers" data-provider="loginData" finished-at="2026-05-11T15:39:48 IST" duration-ms="4456" status="PASS">
          <params>
            <param index="0">
              <value>
                <![CDATA[{password=lmsadmin@111, menus=Dashboard,Campaigns,Blacklist/Whitelist,Clients,Global Upload,Feedback Upload,Ads,Notifications,Lead Report,Unmask & History,NPS Report,Pushed Leads History,Admission Attributions,URL Generator,Decoder, type=sidebar, username=priyanka_operations_mask}]]>
              </value>
            </param>
          </params>
          <reporter-output>
          </reporter-output>
        </test-method> <!-- loginWithMultipleUsers -->
        <test-method is-config="true" signature="tearDown()[pri:0, instance:tests.LoginTest@6cf0e0ba]" started-at="2026-05-11T15:39:48 IST" name="tearDown" finished-at="2026-05-11T15:39:48 IST" duration-ms="193" status="PASS">
          <reporter-output>
          </reporter-output>
        </test-method> <!-- tearDown -->
        <test-method is-config="true" signature="setUp()[pri:0, instance:tests.LoginTest@6cf0e0ba]" started-at="2026-05-11T15:39:48 IST" name="setUp" finished-at="2026-05-11T15:39:51 IST" duration-ms="2750" status="PASS">
          <reporter-output>
          </reporter-output>
        </test-method> <!-- setUp -->
        <test-method signature="loginWithMultipleUsers(java.util.HashMap)[pri:0, instance:tests.LoginTest@6cf0e0ba]" started-at="2026-05-11T15:39:51 IST" name="loginWithMultipleUsers" data-provider="loginData" finished-at="2026-05-11T15:40:01 IST" duration-ms="10173" status="PASS">
          <params>
            <param index="0">
              <value>
                <![CDATA[{password=lmsadmin@111, menus=NA, type=, username=priyanka_sales}]]>
              </value>
            </param>
          </params>
          <reporter-output>
          </reporter-output>
        </test-method> <!-- loginWithMultipleUsers -->
        <test-method is-config="true" signature="tearDown()[pri:0, instance:tests.LoginTest@6cf0e0ba]" started-at="2026-05-11T15:40:01 IST" name="tearDown" finished-at="2026-05-11T15:40:02 IST" duration-ms="207" status="PASS">
          <reporter-output>
          </reporter-output>
        </test-method> <!-- tearDown -->
        <test-method is-config="true" signature="setUp()[pri:0, instance:tests.LoginTest@6cf0e0ba]" started-at="2026-05-11T15:40:02 IST" name="setUp" finished-at="2026-05-11T15:40:05 IST" duration-ms="3021" status="PASS">
          <reporter-output>
          </reporter-output>
        </test-method> <!-- setUp -->
        <test-method signature="loginWithMultipleUsers(java.util.HashMap)[pri:0, instance:tests.LoginTest@6cf0e0ba]" started-at="2026-05-11T15:40:05 IST" name="loginWithMultipleUsers" data-provider="loginData" finished-at="2026-05-11T15:40:09 IST" duration-ms="4783" status="PASS">
          <params>
            <param index="0">
              <value>
                <![CDATA[{password=lmsadmin@111, menus=Dashboard,Campaigns,Blacklist/Whitelist,Agent Tagging,CRM Templates,Clients,Global Upload,Feedback Upload,Ads,WhatsApp,Notifications,Lead Report,Unmask & History,NPS Report,Pushed Leads History,Admission Attributions,URL Generator,Decoder,Lead Push To Orion,ORION, type=sidebar, username=priyanka_operations_lp}]]>
              </value>
            </param>
          </params>
          <reporter-output>
          </reporter-output>
        </test-method> <!-- loginWithMultipleUsers -->
        <test-method is-config="true" signature="tearDown()[pri:0, instance:tests.LoginTest@6cf0e0ba]" started-at="2026-05-11T15:40:09 IST" name="tearDown" finished-at="2026-05-11T15:40:10 IST" duration-ms="272" status="PASS">
          <reporter-output>
          </reporter-output>
        </test-method> <!-- tearDown -->
        <test-method is-config="true" signature="setUp()[pri:0, instance:tests.LoginTest@6cf0e0ba]" started-at="2026-05-11T15:40:10 IST" name="setUp" finished-at="2026-05-11T15:40:12 IST" duration-ms="2898" status="PASS">
          <reporter-output>
          </reporter-output>
        </test-method> <!-- setUp -->
        <test-method signature="loginWithMultipleUsers(java.util.HashMap)[pri:0, instance:tests.LoginTest@6cf0e0ba]" started-at="2026-05-11T15:40:13 IST" name="loginWithMultipleUsers" data-provider="loginData" finished-at="2026-05-11T15:40:23 IST" duration-ms="10623" status="PASS">
          <params>
            <param index="0">
              <value>
                <![CDATA[{password=lmsadmin@111, menus=, type=, username=priyanka_zoutons_emailing}]]>
              </value>
            </param>
          </params>
          <reporter-output>
          </reporter-output>
        </test-method> <!-- loginWithMultipleUsers -->
        <test-method is-config="true" signature="tearDown()[pri:0, instance:tests.LoginTest@6cf0e0ba]" started-at="2026-05-11T15:40:23 IST" name="tearDown" finished-at="2026-05-11T15:40:23 IST" duration-ms="202" status="PASS">
          <reporter-output>
          </reporter-output>
        </test-method> <!-- tearDown -->
        <test-method is-config="true" signature="setUp()[pri:0, instance:tests.LoginTest@6cf0e0ba]" started-at="2026-05-11T15:40:23 IST" name="setUp" finished-at="2026-05-11T15:40:26 IST" duration-ms="2908" status="PASS">
          <reporter-output>
          </reporter-output>
        </test-method> <!-- setUp -->
        <test-method signature="loginWithMultipleUsers(java.util.HashMap)[pri:0, instance:tests.LoginTest@6cf0e0ba]" started-at="2026-05-11T15:40:26 IST" name="loginWithMultipleUsers" data-provider="loginData" finished-at="2026-05-11T15:40:31 IST" duration-ms="5186" status="PASS">
          <params>
            <param index="0">
              <value>
                <![CDATA[{password=lmsadmin@111, menus=SMS Panel,E-Mail Panel, type=sidebar, username=priyanka_ops_marketing}]]>
              </value>
            </param>
          </params>
          <reporter-output>
          </reporter-output>
        </test-method> <!-- loginWithMultipleUsers -->
        <test-method is-config="true" signature="tearDown()[pri:0, instance:tests.LoginTest@6cf0e0ba]" started-at="2026-05-11T15:40:31 IST" name="tearDown" finished-at="2026-05-11T15:40:32 IST" duration-ms="236" status="PASS">
          <reporter-output>
          </reporter-output>
        </test-method> <!-- tearDown -->
        <test-method is-config="true" signature="setUp()[pri:0, instance:tests.LoginTest@6cf0e0ba]" started-at="2026-05-11T15:40:32 IST" name="setUp" finished-at="2026-05-11T15:40:35 IST" duration-ms="2947" status="PASS">
          <reporter-output>
          </reporter-output>
        </test-method> <!-- setUp -->
        <test-method signature="loginWithMultipleUsers(java.util.HashMap)[pri:0, instance:tests.LoginTest@6cf0e0ba]" started-at="2026-05-11T15:40:35 IST" name="loginWithMultipleUsers" data-provider="loginData" finished-at="2026-05-11T15:40:40 IST" duration-ms="4987" status="PASS">
          <params>
            <param index="0">
              <value>
                <![CDATA[{password=lmsadmin@111, menus=URL Shortener, type=sidebar, username=priyanka_ops_sms}]]>
              </value>
            </param>
          </params>
          <reporter-output>
          </reporter-output>
        </test-method> <!-- loginWithMultipleUsers -->
        <test-method is-config="true" signature="tearDown()[pri:0, instance:tests.LoginTest@6cf0e0ba]" started-at="2026-05-11T15:40:40 IST" name="tearDown" finished-at="2026-05-11T15:40:40 IST" duration-ms="264" status="PASS">
          <reporter-output>
          </reporter-output>
        </test-method> <!-- tearDown -->
        <test-method is-config="true" signature="setUp()[pri:0, instance:tests.LoginTest@6cf0e0ba]" started-at="2026-05-11T15:40:40 IST" name="setUp" finished-at="2026-05-11T15:40:43 IST" duration-ms="3110" status="PASS">
          <reporter-output>
          </reporter-output>
        </test-method> <!-- setUp -->
        <test-method signature="loginWithMultipleUsers(java.util.HashMap)[pri:0, instance:tests.LoginTest@6cf0e0ba]" started-at="2026-05-11T15:40:43 IST" name="loginWithMultipleUsers" data-provider="loginData" finished-at="2026-05-11T15:40:48 IST" duration-ms="4532" status="PASS">
          <params>
            <param index="0">
              <value>
                <![CDATA[{password=lmsadmin@111, menus=Dashboard,Create,Zonal Head,Sales Representatives,Clients,Campaigns,Notifications,URL Generator, type=sidebar, username=priyanka_central_team}]]>
              </value>
            </param>
          </params>
          <reporter-output>
          </reporter-output>
        </test-method> <!-- loginWithMultipleUsers -->
        <test-method is-config="true" signature="tearDown()[pri:0, instance:tests.LoginTest@6cf0e0ba]" started-at="2026-05-11T15:40:48 IST" name="tearDown" finished-at="2026-05-11T15:40:48 IST" duration-ms="415" status="PASS">
          <reporter-output>
          </reporter-output>
        </test-method> <!-- tearDown -->
        <test-method is-config="true" signature="setUp()[pri:0, instance:tests.LoginTest@6cf0e0ba]" started-at="2026-05-11T15:40:48 IST" name="setUp" finished-at="2026-05-11T15:40:51 IST" duration-ms="3100" status="PASS">
          <reporter-output>
          </reporter-output>
        </test-method> <!-- setUp -->
        <test-method signature="loginWithMultipleUsers(java.util.HashMap)[pri:0, instance:tests.LoginTest@6cf0e0ba]" started-at="2026-05-11T15:40:51 IST" name="loginWithMultipleUsers" data-provider="loginData" finished-at="2026-05-11T15:40:56 IST" duration-ms="5083" status="PASS">
          <params>
            <param index="0">
              <value>
                <![CDATA[{password=lmsadmin@111, menus=Dashboard,Create,Regional Head,Sales Representatives,Clients,Client Stats,Campaigns,Notifications,URL Generator, type=sidebar, username=priyanka_zonal_head}]]>
              </value>
            </param>
          </params>
          <reporter-output>
          </reporter-output>
        </test-method> <!-- loginWithMultipleUsers -->
        <test-method is-config="true" signature="tearDown()[pri:0, instance:tests.LoginTest@6cf0e0ba]" started-at="2026-05-11T15:40:56 IST" name="tearDown" finished-at="2026-05-11T15:40:56 IST" duration-ms="271" status="PASS">
          <reporter-output>
          </reporter-output>
        </test-method> <!-- tearDown -->
        <test-method is-config="true" signature="setUp()[pri:0, instance:tests.LoginTest@6cf0e0ba]" started-at="2026-05-11T15:40:56 IST" name="setUp" finished-at="2026-05-11T15:40:59 IST" duration-ms="2775" status="PASS">
          <reporter-output>
          </reporter-output>
        </test-method> <!-- setUp -->
        <test-method signature="loginWithMultipleUsers(java.util.HashMap)[pri:0, instance:tests.LoginTest@6cf0e0ba]" started-at="2026-05-11T15:40:59 IST" name="loginWithMultipleUsers" data-provider="loginData" finished-at="2026-05-11T15:41:04 IST" duration-ms="5279" status="PASS">
          <params>
            <param index="0">
              <value>
                <![CDATA[{password=lmsadmin@111, menus=Dashboard,Create,State Head,Sales Representatives,Clients,Client Stats,Campaigns,Notifications,URL Generator, type=sidebar, username=priyanka_regional_head}]]>
              </value>
            </param>
          </params>
          <reporter-output>
          </reporter-output>
        </test-method> <!-- loginWithMultipleUsers -->
        <test-method is-config="true" signature="tearDown()[pri:0, instance:tests.LoginTest@6cf0e0ba]" started-at="2026-05-11T15:41:04 IST" name="tearDown" finished-at="2026-05-11T15:41:05 IST" duration-ms="198" status="PASS">
          <reporter-output>
          </reporter-output>
        </test-method> <!-- tearDown -->
        <test-method is-config="true" signature="setUp()[pri:0, instance:tests.LoginTest@6cf0e0ba]" started-at="2026-05-11T15:41:05 IST" name="setUp" finished-at="2026-05-11T15:41:07 IST" duration-ms="2758" status="PASS">
          <reporter-output>
          </reporter-output>
        </test-method> <!-- setUp -->
        <test-method signature="loginWithMultipleUsers(java.util.HashMap)[pri:0, instance:tests.LoginTest@6cf0e0ba]" started-at="2026-05-11T15:41:07 IST" name="loginWithMultipleUsers" data-provider="loginData" finished-at="2026-05-11T15:41:13 IST" duration-ms="5427" status="PASS">
          <params>
            <param index="0">
              <value>
                <![CDATA[{password=lmsadmin@111, menus=Dashboard,Create,City Head,Sales Representatives,Clients,Client Stats,Campaigns,Notifications,URL Generator, type=sidebar, username=priyanka_state_head}]]>
              </value>
            </param>
          </params>
          <reporter-output>
          </reporter-output>
        </test-method> <!-- loginWithMultipleUsers -->
        <test-method is-config="true" signature="tearDown()[pri:0, instance:tests.LoginTest@6cf0e0ba]" started-at="2026-05-11T15:41:13 IST" name="tearDown" finished-at="2026-05-11T15:41:14 IST" duration-ms="966" status="PASS">
          <reporter-output>
          </reporter-output>
        </test-method> <!-- tearDown -->
        <test-method is-config="true" signature="setUp()[pri:0, instance:tests.LoginTest@6cf0e0ba]" started-at="2026-05-11T15:41:14 IST" name="setUp" finished-at="2026-05-11T15:41:20 IST" duration-ms="5719" status="PASS">
          <reporter-output>
          </reporter-output>
        </test-method> <!-- setUp -->
        <test-method signature="loginWithMultipleUsers(java.util.HashMap)[pri:0, instance:tests.LoginTest@6cf0e0ba]" started-at="2026-05-11T15:41:20 IST" name="loginWithMultipleUsers" data-provider="loginData" finished-at="2026-05-11T15:41:25 IST" duration-ms="5465" status="PASS">
          <params>
            <param index="0">
              <value>
                <![CDATA[{password=lmsadmin@111, menus=Dashboard,Create,Sales Executive,Sales Representatives,Clients,Client Stats,Campaigns,Notifications,URL Generator, type=sidebar, username=priyanka_city_head}]]>
              </value>
            </param>
          </params>
          <reporter-output>
          </reporter-output>
        </test-method> <!-- loginWithMultipleUsers -->
        <test-method is-config="true" signature="tearDown()[pri:0, instance:tests.LoginTest@6cf0e0ba]" started-at="2026-05-11T15:41:25 IST" name="tearDown" finished-at="2026-05-11T15:41:25 IST" duration-ms="193" status="PASS">
          <reporter-output>
          </reporter-output>
        </test-method> <!-- tearDown -->
        <test-method is-config="true" signature="setUp()[pri:0, instance:tests.LoginTest@6cf0e0ba]" started-at="2026-05-11T15:41:25 IST" name="setUp" finished-at="2026-05-11T15:41:28 IST" duration-ms="3084" status="PASS">
          <reporter-output>
          </reporter-output>
        </test-method> <!-- setUp -->
        <test-method signature="loginWithMultipleUsers(java.util.HashMap)[pri:0, instance:tests.LoginTest@6cf0e0ba]" started-at="2026-05-11T15:41:28 IST" name="loginWithMultipleUsers" data-provider="loginData" finished-at="2026-05-11T15:41:33 IST" duration-ms="4554" status="PASS">
          <params>
            <param index="0">
              <value>
                <![CDATA[{password=lmsadmin@111, menus=Dashboard,Campaigns,Blacklist/Whitelist,Clients,Global Upload,Feedback Upload,Ads,E-Mail Panel,SMS Panel,URL Shortener,WhatsApp,Notifications,Lead Report,Unmask & History,NPS Report,Pushed Leads History,Admission Attributions,URL Generator,Decoder,LP Dashboard,Analytics panel,Leads Supply Dashboard, type=sidebar, username=priyanka_senior_opm}]]>
              </value>
            </param>
          </params>
          <reporter-output>
          </reporter-output>
        </test-method> <!-- loginWithMultipleUsers -->
        <test-method is-config="true" signature="tearDown()[pri:0, instance:tests.LoginTest@6cf0e0ba]" started-at="2026-05-11T15:41:33 IST" name="tearDown" finished-at="2026-05-11T15:41:33 IST" duration-ms="192" status="PASS">
          <reporter-output>
          </reporter-output>
        </test-method> <!-- tearDown -->
        <test-method is-config="true" signature="setUp()[pri:0, instance:tests.LoginTest@6cf0e0ba]" started-at="2026-05-11T15:41:33 IST" name="setUp" finished-at="2026-05-11T15:41:36 IST" duration-ms="2924" status="PASS">
          <reporter-output>
          </reporter-output>
        </test-method> <!-- setUp -->
        <test-method signature="loginWithMultipleUsers(java.util.HashMap)[pri:0, instance:tests.LoginTest@6cf0e0ba]" started-at="2026-05-11T15:41:36 IST" name="loginWithMultipleUsers" data-provider="loginData" finished-at="2026-05-11T15:41:43 IST" duration-ms="6853" status="PASS">
          <params>
            <param index="0">
              <value>
                <![CDATA[{password=lmsadmin@111, menus=Dashboard,Campaigns,Blacklist/Whitelist,Clients,Global Upload,Feedback Upload,Ads,E-Mail Panel,SMS Panel,URL Shortener,WhatsApp,Notifications,Lead Report,Unmask & History,NPS Report,Pushed Leads History,Admission Attributions,URL Generator,Decoder, type=sidebar, username=priyanka_operations_executive}]]>
              </value>
            </param>
          </params>
          <reporter-output>
          </reporter-output>
        </test-method> <!-- loginWithMultipleUsers -->
        <test-method is-config="true" signature="tearDown()[pri:0, instance:tests.LoginTest@6cf0e0ba]" started-at="2026-05-11T15:41:43 IST" name="tearDown" finished-at="2026-05-11T15:41:43 IST" duration-ms="192" status="PASS">
          <reporter-output>
          </reporter-output>
        </test-method> <!-- tearDown -->
        <test-method is-config="true" signature="setUp()[pri:0, instance:tests.LoginTest@6cf0e0ba]" started-at="2026-05-11T15:41:43 IST" name="setUp" finished-at="2026-05-11T15:41:47 IST" duration-ms="3751" status="PASS">
          <reporter-output>
          </reporter-output>
        </test-method> <!-- setUp -->
        <test-method signature="loginWithMultipleUsers(java.util.HashMap)[pri:0, instance:tests.LoginTest@6cf0e0ba]" started-at="2026-05-11T15:41:47 IST" name="loginWithMultipleUsers" data-provider="loginData" finished-at="2026-05-11T15:41:53 IST" duration-ms="6309" status="PASS">
          <params>
            <param index="0">
              <value>
                <![CDATA[{password=lmsadmin@111, menus=Dashboard,Campaigns,Blacklist/Whitelist,Clients,Global Upload,Feedback Upload,Ads,E-Mail Panel,SMS Panel,URL Shortener,WhatsApp,Notifications,Lead Report,Unmask & History,NPS Report,Pushed Leads History,Admission Attributions,URL Generator,Decoder, type=sidebar, username=priyanka_institute_opm}]]>
              </value>
            </param>
          </params>
          <reporter-output>
          </reporter-output>
        </test-method> <!-- loginWithMultipleUsers -->
        <test-method is-config="true" signature="tearDown()[pri:0, instance:tests.LoginTest@6cf0e0ba]" started-at="2026-05-11T15:41:53 IST" name="tearDown" finished-at="2026-05-11T15:41:53 IST" duration-ms="207" status="PASS">
          <reporter-output>
          </reporter-output>
        </test-method> <!-- tearDown -->
        <test-method is-config="true" signature="setUp()[pri:0, instance:tests.LoginTest@6cf0e0ba]" started-at="2026-05-11T15:41:53 IST" name="setUp" finished-at="2026-05-11T15:41:56 IST" duration-ms="3197" status="PASS">
          <reporter-output>
          </reporter-output>
        </test-method> <!-- setUp -->
        <test-method signature="loginWithMultipleUsers(java.util.HashMap)[pri:0, instance:tests.LoginTest@6cf0e0ba]" started-at="2026-05-11T15:41:56 IST" name="loginWithMultipleUsers" data-provider="loginData" finished-at="2026-05-11T15:42:02 IST" duration-ms="5482" status="PASS">
          <params>
            <param index="0">
              <value>
                <![CDATA[{password=lmsadmin@111, menus=Dashboard,Campaigns,Blacklist/Whitelist,Clients,Global Upload,Feedback Upload,Ads,E-Mail Panel,SMS Panel,URL Shortener,WhatsApp,Notifications,Lead Report,Unmask & History,NPS Report,Pushed Leads History,Admission Attributions,URL Generator,Decoder, type=sidebar, username=priyanka_overseas_opm}]]>
              </value>
            </param>
          </params>
          <reporter-output>
          </reporter-output>
        </test-method> <!-- loginWithMultipleUsers -->
        <test-method is-config="true" signature="tearDown()[pri:0, instance:tests.LoginTest@6cf0e0ba]" started-at="2026-05-11T15:42:02 IST" name="tearDown" finished-at="2026-05-11T15:42:02 IST" duration-ms="193" status="PASS">
          <reporter-output>
          </reporter-output>
        </test-method> <!-- tearDown -->
        <test-method is-config="true" signature="setUp()[pri:0, instance:tests.LoginTest@6cf0e0ba]" started-at="2026-05-11T15:42:02 IST" name="setUp" finished-at="2026-05-11T15:42:05 IST" duration-ms="3295" status="PASS">
          <reporter-output>
          </reporter-output>
        </test-method> <!-- setUp -->
        <test-method signature="loginWithMultipleUsers(java.util.HashMap)[pri:0, instance:tests.LoginTest@6cf0e0ba]" started-at="2026-05-11T15:42:05 IST" name="loginWithMultipleUsers" data-provider="loginData" finished-at="2026-05-11T15:42:11 IST" duration-ms="5385" status="PASS">
          <params>
            <param index="0">
              <value>
                <![CDATA[{password=lmsadmin@111, menus=SMS Panel,E-Mail Panel, type=sidebar, username=priyanka_ops_marketing_sa}]]>
              </value>
            </param>
          </params>
          <reporter-output>
          </reporter-output>
        </test-method> <!-- loginWithMultipleUsers -->
        <test-method is-config="true" signature="tearDown()[pri:0, instance:tests.LoginTest@6cf0e0ba]" started-at="2026-05-11T15:42:11 IST" name="tearDown" finished-at="2026-05-11T15:42:11 IST" duration-ms="197" status="PASS">
          <reporter-output>
          </reporter-output>
        </test-method> <!-- tearDown -->
        <test-method is-config="true" signature="setUp()[pri:0, instance:tests.LoginTest@6cf0e0ba]" started-at="2026-05-11T15:42:11 IST" name="setUp" finished-at="2026-05-11T15:42:14 IST" duration-ms="2839" status="PASS">
          <reporter-output>
          </reporter-output>
        </test-method> <!-- setUp -->
        <test-method signature="loginWithMultipleUsers(java.util.HashMap)[pri:0, instance:tests.LoginTest@6cf0e0ba]" started-at="2026-05-11T15:42:14 IST" name="loginWithMultipleUsers" data-provider="loginData" finished-at="2026-05-11T15:42:23 IST" duration-ms="9082" status="PASS">
          <params>
            <param index="0">
              <value>
                <![CDATA[{password=lmsadmin@111, menus=, type=, username=priyanka_frizza_emailing}]]>
              </value>
            </param>
          </params>
          <reporter-output>
          </reporter-output>
        </test-method> <!-- loginWithMultipleUsers -->
        <test-method is-config="true" signature="tearDown()[pri:0, instance:tests.LoginTest@6cf0e0ba]" started-at="2026-05-11T15:42:23 IST" name="tearDown" finished-at="2026-05-11T15:42:23 IST" duration-ms="203" status="PASS">
          <reporter-output>
          </reporter-output>
        </test-method> <!-- tearDown -->
        <test-method is-config="true" signature="setUp()[pri:0, instance:tests.LoginTest@6cf0e0ba]" started-at="2026-05-11T15:42:23 IST" name="setUp" finished-at="2026-05-11T15:42:27 IST" duration-ms="4155" status="PASS">
          <reporter-output>
          </reporter-output>
        </test-method> <!-- setUp -->
        <test-method signature="loginWithMultipleUsers(java.util.HashMap)[pri:0, instance:tests.LoginTest@6cf0e0ba]" started-at="2026-05-11T15:42:27 IST" name="loginWithMultipleUsers" data-provider="loginData" finished-at="2026-05-11T15:42:36 IST" duration-ms="9172" status="PASS">
          <params>
            <param index="0">
              <value>
                <![CDATA[{password=lmsadmin@111, menus=, type=, username=priyanka_sales_abroad}]]>
              </value>
            </param>
          </params>
          <reporter-output>
          </reporter-output>
        </test-method> <!-- loginWithMultipleUsers -->
        <test-method is-config="true" signature="tearDown()[pri:0, instance:tests.LoginTest@6cf0e0ba]" started-at="2026-05-11T15:42:36 IST" name="tearDown" finished-at="2026-05-11T15:42:37 IST" duration-ms="328" status="PASS">
          <reporter-output>
          </reporter-output>
        </test-method> <!-- tearDown -->
        <test-method is-config="true" signature="setUp()[pri:0, instance:tests.LoginTest@6cf0e0ba]" started-at="2026-05-11T15:42:37 IST" name="setUp" finished-at="2026-05-11T15:42:40 IST" duration-ms="3117" status="PASS">
          <reporter-output>
          </reporter-output>
        </test-method> <!-- setUp -->
        <test-method signature="loginWithMultipleUsers(java.util.HashMap)[pri:0, instance:tests.LoginTest@6cf0e0ba]" started-at="2026-05-11T15:42:40 IST" name="loginWithMultipleUsers" data-provider="loginData" finished-at="2026-05-11T15:42:58 IST" duration-ms="18228" status="PASS">
          <params>
            <param index="0">
              <value>
                <![CDATA[{password=lmsadmin@111, menus=, type=, username=priyanka_csv_emailing}]]>
              </value>
            </param>
          </params>
          <reporter-output>
          </reporter-output>
        </test-method> <!-- loginWithMultipleUsers -->
        <test-method is-config="true" signature="tearDown()[pri:0, instance:tests.LoginTest@6cf0e0ba]" started-at="2026-05-11T15:42:58 IST" name="tearDown" finished-at="2026-05-11T15:42:58 IST" duration-ms="211" status="PASS">
          <reporter-output>
          </reporter-output>
        </test-method> <!-- tearDown -->
        <test-method is-config="true" signature="setUp()[pri:0, instance:tests.LoginTest@6cf0e0ba]" started-at="2026-05-11T15:42:58 IST" name="setUp" finished-at="2026-05-11T15:43:01 IST" duration-ms="2904" status="PASS">
          <reporter-output>
          </reporter-output>
        </test-method> <!-- setUp -->
        <test-method signature="loginWithMultipleUsers(java.util.HashMap)[pri:0, instance:tests.LoginTest@6cf0e0ba]" started-at="2026-05-11T15:43:01 IST" name="loginWithMultipleUsers" data-provider="loginData" finished-at="2026-05-11T15:43:07 IST" duration-ms="5713" status="PASS">
          <params>
            <param index="0">
              <value>
                <![CDATA[{password=lmsadmin@111, menus=Campaigns,Deal Report, type=sidebar, username=priyanka_finance}]]>
              </value>
            </param>
          </params>
          <reporter-output>
          </reporter-output>
        </test-method> <!-- loginWithMultipleUsers -->
        <test-method is-config="true" signature="tearDown()[pri:0, instance:tests.LoginTest@6cf0e0ba]" started-at="2026-05-11T15:43:07 IST" name="tearDown" finished-at="2026-05-11T15:43:07 IST" duration-ms="199" status="PASS">
          <reporter-output>
          </reporter-output>
        </test-method> <!-- tearDown -->
        <test-method is-config="true" signature="setUp()[pri:0, instance:tests.LoginTest@6cf0e0ba]" started-at="2026-05-11T15:43:07 IST" name="setUp" finished-at="2026-05-11T15:43:10 IST" duration-ms="3107" status="PASS">
          <reporter-output>
          </reporter-output>
        </test-method> <!-- setUp -->
        <test-method signature="loginWithMultipleUsers(java.util.HashMap)[pri:0, instance:tests.LoginTest@6cf0e0ba]" started-at="2026-05-11T15:43:10 IST" name="loginWithMultipleUsers" data-provider="loginData" finished-at="2026-05-11T15:43:15 IST" duration-ms="4553" status="PASS">
          <params>
            <param index="0">
              <value>
                <![CDATA[{password=lmsadmin@111, menus=SMS Panel, type=sidebar, username=priyanka_frizza_sms}]]>
              </value>
            </param>
          </params>
          <reporter-output>
          </reporter-output>
        </test-method> <!-- loginWithMultipleUsers -->
        <test-method is-config="true" signature="tearDown()[pri:0, instance:tests.LoginTest@6cf0e0ba]" started-at="2026-05-11T15:43:15 IST" name="tearDown" finished-at="2026-05-11T15:43:15 IST" duration-ms="211" status="PASS">
          <reporter-output>
          </reporter-output>
        </test-method> <!-- tearDown -->
        <test-method is-config="true" signature="setUp()[pri:0, instance:tests.LoginTest@6cf0e0ba]" started-at="2026-05-11T15:43:15 IST" name="setUp" finished-at="2026-05-11T15:43:18 IST" duration-ms="2952" status="PASS">
          <reporter-output>
          </reporter-output>
        </test-method> <!-- setUp -->
        <test-method signature="loginWithMultipleUsers(java.util.HashMap)[pri:0, instance:tests.LoginTest@6cf0e0ba]" started-at="2026-05-11T15:43:18 IST" name="loginWithMultipleUsers" data-provider="loginData" finished-at="2026-05-11T15:43:27 IST" duration-ms="9397" status="PASS">
          <params>
            <param index="0">
              <value>
                <![CDATA[{password=lmsadmin@111, menus=, type=, username=priyanka_notif_pu}]]>
              </value>
            </param>
          </params>
          <reporter-output>
          </reporter-output>
        </test-method> <!-- loginWithMultipleUsers -->
        <test-method is-config="true" signature="tearDown()[pri:0, instance:tests.LoginTest@6cf0e0ba]" started-at="2026-05-11T15:43:27 IST" name="tearDown" finished-at="2026-05-11T15:43:28 IST" duration-ms="202" status="PASS">
          <reporter-output>
          </reporter-output>
        </test-method> <!-- tearDown -->
        <test-method is-config="true" signature="setUp()[pri:0, instance:tests.LoginTest@6cf0e0ba]" started-at="2026-05-11T15:43:28 IST" name="setUp" finished-at="2026-05-11T15:43:31 IST" duration-ms="2921" status="PASS">
          <reporter-output>
          </reporter-output>
        </test-method> <!-- setUp -->
        <test-method signature="loginWithMultipleUsers(java.util.HashMap)[pri:0, instance:tests.LoginTest@6cf0e0ba]" started-at="2026-05-11T15:43:31 IST" name="loginWithMultipleUsers" data-provider="loginData" finished-at="2026-05-11T15:43:36 IST" duration-ms="5234" status="PASS">
          <params>
            <param index="0">
              <value>
                <![CDATA[{password=lmsadmin@111, menus=Campaigns,Ads, type=sidebar, username=priyanka_jr_opm}]]>
              </value>
            </param>
          </params>
          <reporter-output>
          </reporter-output>
        </test-method> <!-- loginWithMultipleUsers -->
        <test-method is-config="true" signature="tearDown()[pri:0, instance:tests.LoginTest@6cf0e0ba]" started-at="2026-05-11T15:43:36 IST" name="tearDown" finished-at="2026-05-11T15:43:36 IST" duration-ms="221" status="PASS">
          <reporter-output>
          </reporter-output>
        </test-method> <!-- tearDown -->
        <test-method is-config="true" signature="setUp()[pri:0, instance:tests.LoginTest@6cf0e0ba]" started-at="2026-05-11T15:43:36 IST" name="setUp" finished-at="2026-05-11T15:43:39 IST" duration-ms="2782" status="PASS">
          <reporter-output>
          </reporter-output>
        </test-method> <!-- setUp -->
        <test-method signature="loginWithMultipleUsers(java.util.HashMap)[pri:0, instance:tests.LoginTest@6cf0e0ba]" started-at="2026-05-11T15:43:39 IST" name="loginWithMultipleUsers" data-provider="loginData" finished-at="2026-05-11T15:43:44 IST" duration-ms="5144" status="PASS">
          <params>
            <param index="0">
              <value>
                <![CDATA[{password=lmsadmin@111, menus=Campaigns, type=sidebar, username=priyanka_third_party_user}]]>
              </value>
            </param>
          </params>
          <reporter-output>
          </reporter-output>
        </test-method> <!-- loginWithMultipleUsers -->
        <test-method is-config="true" signature="tearDown()[pri:0, instance:tests.LoginTest@6cf0e0ba]" started-at="2026-05-11T15:43:44 IST" name="tearDown" finished-at="2026-05-11T15:43:44 IST" duration-ms="193" status="PASS">
          <reporter-output>
          </reporter-output>
        </test-method> <!-- tearDown -->
        <test-method is-config="true" signature="setUp()[pri:0, instance:tests.LoginTest@6cf0e0ba]" started-at="2026-05-11T15:43:44 IST" name="setUp" finished-at="2026-05-11T15:43:47 IST" duration-ms="3013" status="PASS">
          <reporter-output>
          </reporter-output>
        </test-method> <!-- setUp -->
        <test-method signature="loginWithMultipleUsers(java.util.HashMap)[pri:0, instance:tests.LoginTest@6cf0e0ba]" started-at="2026-05-11T15:43:47 IST" name="loginWithMultipleUsers" data-provider="loginData" finished-at="2026-05-11T15:43:56 IST" duration-ms="9025" status="PASS">
          <params>
            <param index="0">
              <value>
                <![CDATA[{password=lmsadmin@111, menus=, type=, username=priyanka_third_party_csv}]]>
              </value>
            </param>
          </params>
          <reporter-output>
          </reporter-output>
        </test-method> <!-- loginWithMultipleUsers -->
        <test-method is-config="true" signature="tearDown()[pri:0, instance:tests.LoginTest@6cf0e0ba]" started-at="2026-05-11T15:43:56 IST" name="tearDown" finished-at="2026-05-11T15:43:56 IST" duration-ms="204" status="PASS">
          <reporter-output>
          </reporter-output>
        </test-method> <!-- tearDown -->
        <test-method is-config="true" signature="setUp()[pri:0, instance:tests.LoginTest@6cf0e0ba]" started-at="2026-05-11T15:43:56 IST" name="setUp" finished-at="2026-05-11T15:43:59 IST" duration-ms="2919" status="PASS">
          <reporter-output>
          </reporter-output>
        </test-method> <!-- setUp -->
        <test-method signature="loginWithMultipleUsers(java.util.HashMap)[pri:0, instance:tests.LoginTest@6cf0e0ba]" started-at="2026-05-11T15:43:59 IST" name="loginWithMultipleUsers" data-provider="loginData" finished-at="2026-05-11T15:44:03 IST" duration-ms="4224" status="PASS">
          <params>
            <param index="0">
              <value>
                <![CDATA[{password=lmsadmin@111, menus=Lead Push To Orion,ORION, type=sidebar, username=priyanka_orion_user}]]>
              </value>
            </param>
          </params>
          <reporter-output>
          </reporter-output>
        </test-method> <!-- loginWithMultipleUsers -->
        <test-method is-config="true" signature="tearDown()[pri:0, instance:tests.LoginTest@6cf0e0ba]" started-at="2026-05-11T15:44:03 IST" name="tearDown" finished-at="2026-05-11T15:44:04 IST" duration-ms="190" status="PASS">
          <reporter-output>
          </reporter-output>
        </test-method> <!-- tearDown -->
        <test-method is-config="true" signature="setUp()[pri:0, instance:tests.LoginTest@6cf0e0ba]" started-at="2026-05-11T15:44:04 IST" name="setUp" finished-at="2026-05-11T15:44:07 IST" duration-ms="2845" status="PASS">
          <reporter-output>
          </reporter-output>
        </test-method> <!-- setUp -->
        <test-method signature="loginWithMultipleUsers(java.util.HashMap)[pri:0, instance:tests.LoginTest@6cf0e0ba]" started-at="2026-05-11T15:44:07 IST" name="loginWithMultipleUsers" data-provider="loginData" finished-at="2026-05-11T15:44:11 IST" duration-ms="4078" status="PASS">
          <params>
            <param index="0">
              <value>
                <![CDATA[{password=lmsadmin@111, menus=Campaigns,Lead Report, type=sidebar, username=priyanka_cross_platform_user}]]>
              </value>
            </param>
          </params>
          <reporter-output>
          </reporter-output>
        </test-method> <!-- loginWithMultipleUsers -->
        <test-method is-config="true" signature="tearDown()[pri:0, instance:tests.LoginTest@6cf0e0ba]" started-at="2026-05-11T15:44:11 IST" name="tearDown" finished-at="2026-05-11T15:44:11 IST" duration-ms="195" status="PASS">
          <reporter-output>
          </reporter-output>
        </test-method> <!-- tearDown -->
        <test-method is-config="true" signature="setUp()[pri:0, instance:tests.LoginTest@6cf0e0ba]" started-at="2026-05-11T15:44:11 IST" name="setUp" finished-at="2026-05-11T15:44:14 IST" duration-ms="2921" status="PASS">
          <reporter-output>
          </reporter-output>
        </test-method> <!-- setUp -->
        <test-method signature="loginWithMultipleUsers(java.util.HashMap)[pri:0, instance:tests.LoginTest@6cf0e0ba]" started-at="2026-05-11T15:44:14 IST" name="loginWithMultipleUsers" data-provider="loginData" finished-at="2026-05-11T15:44:23 IST" duration-ms="9006" status="PASS">
          <params>
            <param index="0">
              <value>
                <![CDATA[{password=lmsadmin@111, menus=, type=, username=priyanka_chauhan_dubai}]]>
              </value>
            </param>
          </params>
          <reporter-output>
          </reporter-output>
        </test-method> <!-- loginWithMultipleUsers -->
        <test-method is-config="true" signature="tearDown()[pri:0, instance:tests.LoginTest@6cf0e0ba]" started-at="2026-05-11T15:44:23 IST" name="tearDown" finished-at="2026-05-11T15:44:23 IST" duration-ms="240" status="PASS">
          <reporter-output>
          </reporter-output>
        </test-method> <!-- tearDown -->
        <test-method is-config="true" signature="setUp()[pri:0, instance:tests.LoginTest@6cf0e0ba]" started-at="2026-05-11T15:44:23 IST" name="setUp" finished-at="2026-05-11T15:44:26 IST" duration-ms="2858" status="PASS">
          <reporter-output>
          </reporter-output>
        </test-method> <!-- setUp -->
        <test-method signature="loginWithMultipleUsers(java.util.HashMap)[pri:0, instance:tests.LoginTest@6cf0e0ba]" started-at="2026-05-11T15:44:26 IST" name="loginWithMultipleUsers" data-provider="loginData" finished-at="2026-05-11T15:44:35 IST" duration-ms="9394" status="PASS">
          <params>
            <param index="0">
              <value>
                <![CDATA[{password=lmsadmin@111, menus=, type=, username=priyanka_study_abroad_manager}]]>
              </value>
            </param>
          </params>
          <reporter-output>
          </reporter-output>
        </test-method> <!-- loginWithMultipleUsers -->
        <test-method is-config="true" signature="tearDown()[pri:0, instance:tests.LoginTest@6cf0e0ba]" started-at="2026-05-11T15:44:35 IST" name="tearDown" finished-at="2026-05-11T15:44:35 IST" duration-ms="265" status="PASS">
          <reporter-output>
          </reporter-output>
        </test-method> <!-- tearDown -->
        <test-method is-config="true" signature="setUp()[pri:0, instance:tests.LoginTest@6cf0e0ba]" started-at="2026-05-11T15:44:35 IST" name="setUp" finished-at="2026-05-11T15:44:38 IST" duration-ms="2989" status="PASS">
          <reporter-output>
          </reporter-output>
        </test-method> <!-- setUp -->
        <test-method signature="loginWithMultipleUsers(java.util.HashMap)[pri:0, instance:tests.LoginTest@6cf0e0ba]" started-at="2026-05-11T15:44:38 IST" name="loginWithMultipleUsers" data-provider="loginData" finished-at="2026-05-11T15:44:42 IST" duration-ms="4037" status="PASS">
          <params>
            <param index="0">
              <value>
                <![CDATA[{password=lmsadmin@111, menus=Campaigns, type=sidebar, username=priyanka_third_prty_csv}]]>
              </value>
            </param>
          </params>
          <reporter-output>
          </reporter-output>
        </test-method> <!-- loginWithMultipleUsers -->
        <test-method is-config="true" signature="tearDown()[pri:0, instance:tests.LoginTest@6cf0e0ba]" started-at="2026-05-11T15:44:43 IST" name="tearDown" finished-at="2026-05-11T15:44:43 IST" duration-ms="183" status="PASS">
          <reporter-output>
          </reporter-output>
        </test-method> <!-- tearDown -->
      </class> <!-- tests.LoginTest -->
    </test> <!-- Default test -->
  </suite> <!-- Default suite -->
</testng-results>
