<?xml version="1.0" encoding="UTF-8"?>
<testng-results ignored="0" total="39" passed="37" failed="2" skipped="0">
  <reporter-output>
  </reporter-output>
  <suite started-at="2026-04-30T13:36:45 IST" name="Default suite" finished-at="2026-04-30T13:40:22 IST" duration-ms="216742">
    <groups>
    </groups>
    <test started-at="2026-04-30T13:36:45 IST" name="Default test" finished-at="2026-04-30T13:40:22 IST" duration-ms="216742">
      <class name="tests.LoginTest">
        <test-method is-config="true" signature="setUp()[pri:0, instance:tests.LoginTest@4f83df68]" started-at="2026-04-30T13:36:45 IST" name="setUp" finished-at="2026-04-30T13:36:51 IST" duration-ms="5594" status="PASS">
          <reporter-output>
          </reporter-output>
        </test-method> <!-- setUp -->
        <test-method signature="loginWithMultipleUsers(java.lang.String)[pri:0, instance:tests.LoginTest@4f83df68]" started-at="2026-04-30T13:36:51 IST" name="loginWithMultipleUsers" data-provider="loginData" finished-at="2026-04-30T13:36:57 IST" duration-ms="6070" status="PASS">
          <params>
            <param index="0">
              <value>
                <![CDATA[root]]>
              </value>
            </param>
          </params>
          <reporter-output>
          </reporter-output>
        </test-method> <!-- loginWithMultipleUsers -->
        <test-method is-config="true" signature="tearDown()[pri:0, instance:tests.LoginTest@4f83df68]" started-at="2026-04-30T13:36:57 IST" name="tearDown" finished-at="2026-04-30T13:36:57 IST" duration-ms="232" status="PASS">
          <reporter-output>
          </reporter-output>
        </test-method> <!-- tearDown -->
        <test-method is-config="true" signature="setUp()[pri:0, instance:tests.LoginTest@4f83df68]" started-at="2026-04-30T13:36:57 IST" name="setUp" finished-at="2026-04-30T13:37:02 IST" duration-ms="4625" status="PASS">
          <reporter-output>
          </reporter-output>
        </test-method> <!-- setUp -->
        <test-method signature="loginWithMultipleUsers(java.lang.String)[pri:0, instance:tests.LoginTest@4f83df68]" started-at="2026-04-30T13:37:02 IST" name="loginWithMultipleUsers" data-provider="loginData" finished-at="2026-04-30T13:37:06 IST" duration-ms="3775" status="PASS">
          <params>
            <param index="0">
              <value>
                <![CDATA[priyanka_sales_manager]]>
              </value>
            </param>
          </params>
          <reporter-output>
          </reporter-output>
        </test-method> <!-- loginWithMultipleUsers -->
        <test-method is-config="true" signature="tearDown()[pri:0, instance:tests.LoginTest@4f83df68]" started-at="2026-04-30T13:37:06 IST" name="tearDown" finished-at="2026-04-30T13:37:06 IST" duration-ms="210" status="PASS">
          <reporter-output>
          </reporter-output>
        </test-method> <!-- tearDown -->
        <test-method is-config="true" signature="setUp()[pri:0, instance:tests.LoginTest@4f83df68]" started-at="2026-04-30T13:37:06 IST" name="setUp" finished-at="2026-04-30T13:37:10 IST" duration-ms="4003" status="PASS">
          <reporter-output>
          </reporter-output>
        </test-method> <!-- setUp -->
        <test-method signature="loginWithMultipleUsers(java.lang.String)[pri:0, instance:tests.LoginTest@4f83df68]" started-at="2026-04-30T13:37:10 IST" name="loginWithMultipleUsers" data-provider="loginData" finished-at="2026-04-30T13:37:12 IST" duration-ms="1683" status="PASS">
          <params>
            <param index="0">
              <value>
                <![CDATA[priyanka_sales_executive]]>
              </value>
            </param>
          </params>
          <reporter-output>
          </reporter-output>
        </test-method> <!-- loginWithMultipleUsers -->
        <test-method is-config="true" signature="tearDown()[pri:0, instance:tests.LoginTest@4f83df68]" started-at="2026-04-30T13:37:12 IST" name="tearDown" finished-at="2026-04-30T13:37:12 IST" duration-ms="221" status="PASS">
          <reporter-output>
          </reporter-output>
        </test-method> <!-- tearDown -->
        <test-method is-config="true" signature="setUp()[pri:0, instance:tests.LoginTest@4f83df68]" started-at="2026-04-30T13:37:12 IST" name="setUp" finished-at="2026-04-30T13:37:15 IST" duration-ms="2961" status="PASS">
          <reporter-output>
          </reporter-output>
        </test-method> <!-- setUp -->
        <test-method signature="loginWithMultipleUsers(java.lang.String)[pri:0, instance:tests.LoginTest@4f83df68]" started-at="2026-04-30T13:37:15 IST" name="loginWithMultipleUsers" data-provider="loginData" finished-at="2026-04-30T13:37:16 IST" duration-ms="1648" status="PASS">
          <params>
            <param index="0">
              <value>
                <![CDATA[priyanka_operations_manager]]>
              </value>
            </param>
          </params>
          <reporter-output>
          </reporter-output>
        </test-method> <!-- loginWithMultipleUsers -->
        <test-method is-config="true" signature="tearDown()[pri:0, instance:tests.LoginTest@4f83df68]" started-at="2026-04-30T13:37:16 IST" name="tearDown" finished-at="2026-04-30T13:37:17 IST" duration-ms="217" status="PASS">
          <reporter-output>
          </reporter-output>
        </test-method> <!-- tearDown -->
        <test-method is-config="true" signature="setUp()[pri:0, instance:tests.LoginTest@4f83df68]" started-at="2026-04-30T13:37:17 IST" name="setUp" finished-at="2026-04-30T13:37:20 IST" duration-ms="2958" status="PASS">
          <reporter-output>
          </reporter-output>
        </test-method> <!-- setUp -->
        <test-method signature="loginWithMultipleUsers(java.lang.String)[pri:0, instance:tests.LoginTest@4f83df68]" started-at="2026-04-30T13:37:20 IST" name="loginWithMultipleUsers" data-provider="loginData" finished-at="2026-04-30T13:37:22 IST" duration-ms="2789" status="PASS">
          <params>
            <param index="0">
              <value>
                <![CDATA[priyanka_attribution_operations]]>
              </value>
            </param>
          </params>
          <reporter-output>
          </reporter-output>
        </test-method> <!-- loginWithMultipleUsers -->
        <test-method is-config="true" signature="tearDown()[pri:0, instance:tests.LoginTest@4f83df68]" started-at="2026-04-30T13:37:22 IST" name="tearDown" finished-at="2026-04-30T13:37:23 IST" duration-ms="219" status="PASS">
          <reporter-output>
          </reporter-output>
        </test-method> <!-- tearDown -->
        <test-method is-config="true" signature="setUp()[pri:0, instance:tests.LoginTest@4f83df68]" started-at="2026-04-30T13:37:23 IST" name="setUp" finished-at="2026-04-30T13:37:26 IST" duration-ms="3135" status="PASS">
          <reporter-output>
          </reporter-output>
        </test-method> <!-- setUp -->
        <test-method signature="loginWithMultipleUsers(java.lang.String)[pri:0, instance:tests.LoginTest@4f83df68]" started-at="2026-04-30T13:37:26 IST" name="loginWithMultipleUsers" data-provider="loginData" finished-at="2026-04-30T13:37:27 IST" duration-ms="1123" status="PASS">
          <params>
            <param index="0">
              <value>
                <![CDATA[priyanka_agent1]]>
              </value>
            </param>
          </params>
          <reporter-output>
          </reporter-output>
        </test-method> <!-- loginWithMultipleUsers -->
        <test-method is-config="true" signature="tearDown()[pri:0, instance:tests.LoginTest@4f83df68]" started-at="2026-04-30T13:37:27 IST" name="tearDown" finished-at="2026-04-30T13:37:27 IST" duration-ms="328" status="PASS">
          <reporter-output>
          </reporter-output>
        </test-method> <!-- tearDown -->
        <test-method is-config="true" signature="setUp()[pri:0, instance:tests.LoginTest@4f83df68]" started-at="2026-04-30T13:37:27 IST" name="setUp" finished-at="2026-04-30T13:37:31 IST" duration-ms="3900" status="PASS">
          <reporter-output>
          </reporter-output>
        </test-method> <!-- setUp -->
        <test-method signature="loginWithMultipleUsers(java.lang.String)[pri:0, instance:tests.LoginTest@4f83df68]" started-at="2026-04-30T13:37:31 IST" name="loginWithMultipleUsers" data-provider="loginData" finished-at="2026-04-30T13:37:32 IST" duration-ms="1217" status="FAIL">
          <params>
            <param index="0">
              <value>
                <![CDATA[priyanka_agent2]]>
              </value>
            </param>
          </params>
          <exception class="java.lang.AssertionError">
            <message>
              <![CDATA[❌ Login failed for user: priyanka_agent2 expected [true] but found [false]]]>
            </message>
            <full-stacktrace>
              <![CDATA[java.lang.AssertionError: ❌ Login failed for user: priyanka_agent2 expected [true] but found [false]
at org.testng.Assert.fail(Assert.java:111)
at org.testng.Assert.failNotEquals(Assert.java:1578)
at org.testng.Assert.assertTrue(Assert.java:57)
at tests.LoginTest.loginWithMultipleUsers(LoginTest.java:51)
at java.base/jdk.internal.reflect.DirectMethodHandleAccessor.invoke(DirectMethodHandleAccessor.java:103)
at java.base/java.lang.reflect.Method.invoke(Method.java:580)
at org.testng.internal.invokers.MethodInvocationHelper.invokeMethod(MethodInvocationHelper.java:139)
at org.testng.internal.invokers.TestInvoker.invokeMethod(TestInvoker.java:664)
at org.testng.internal.invokers.TestInvoker.invokeTestMethod(TestInvoker.java:228)
at org.testng.internal.invokers.MethodRunner.runInSequence(MethodRunner.java:63)
at org.testng.internal.invokers.TestInvoker$MethodInvocationAgent.invoke(TestInvoker.java:961)
at org.testng.internal.invokers.TestInvoker.invokeTestMethods(TestInvoker.java:201)
at org.testng.internal.invokers.TestMethodWorker.invokeTestMethods(TestMethodWorker.java:148)
at org.testng.internal.invokers.TestMethodWorker.run(TestMethodWorker.java:128)
at java.base/java.util.ArrayList.forEach(ArrayList.java:1596)
at org.testng.TestRunner.privateRun(TestRunner.java:819)
at org.testng.TestRunner.run(TestRunner.java:619)
at org.testng.SuiteRunner.runTest(SuiteRunner.java:443)
at org.testng.SuiteRunner.runSequentially(SuiteRunner.java:437)
at org.testng.SuiteRunner.privateRun(SuiteRunner.java:397)
at org.testng.SuiteRunner.run(SuiteRunner.java:336)
at org.testng.SuiteRunnerWorker.runSuite(SuiteRunnerWorker.java:52)
at org.testng.SuiteRunnerWorker.run(SuiteRunnerWorker.java:95)
at org.testng.TestNG.runSuitesSequentially(TestNG.java:1301)
at org.testng.TestNG.runSuitesLocally(TestNG.java:1228)
at org.testng.TestNG.runSuites(TestNG.java:1134)
at org.testng.TestNG.run(TestNG.java:1101)
at org.testng.remote.AbstractRemoteTestNG.run(AbstractRemoteTestNG.java:115)
at org.testng.remote.RemoteTestNG.initAndRun(RemoteTestNG.java:293)
at org.testng.remote.RemoteTestNG.main(RemoteTestNG.java:91)
]]>
            </full-stacktrace>
          </exception> <!-- java.lang.AssertionError -->
          <reporter-output>
          </reporter-output>
        </test-method> <!-- loginWithMultipleUsers -->
        <test-method is-config="true" signature="tearDown()[pri:0, instance:tests.LoginTest@4f83df68]" started-at="2026-04-30T13:37:32 IST" name="tearDown" finished-at="2026-04-30T13:37:32 IST" duration-ms="211" status="PASS">
          <reporter-output>
          </reporter-output>
        </test-method> <!-- tearDown -->
        <test-method is-config="true" signature="setUp()[pri:0, instance:tests.LoginTest@4f83df68]" started-at="2026-04-30T13:37:32 IST" name="setUp" finished-at="2026-04-30T13:37:35 IST" duration-ms="2782" status="PASS">
          <reporter-output>
          </reporter-output>
        </test-method> <!-- setUp -->
        <test-method signature="loginWithMultipleUsers(java.lang.String)[pri:0, instance:tests.LoginTest@4f83df68]" started-at="2026-04-30T13:37:35 IST" name="loginWithMultipleUsers" data-provider="loginData" finished-at="2026-04-30T13:37:37 IST" duration-ms="1481" status="FAIL">
          <params>
            <param index="0">
              <value>
                <![CDATA[priyanka_agentl3]]>
              </value>
            </param>
          </params>
          <exception class="java.lang.AssertionError">
            <message>
              <![CDATA[❌ Login failed for user: priyanka_agentl3 expected [true] but found [false]]]>
            </message>
            <full-stacktrace>
              <![CDATA[java.lang.AssertionError: ❌ Login failed for user: priyanka_agentl3 expected [true] but found [false]
at org.testng.Assert.fail(Assert.java:111)
at org.testng.Assert.failNotEquals(Assert.java:1578)
at org.testng.Assert.assertTrue(Assert.java:57)
at tests.LoginTest.loginWithMultipleUsers(LoginTest.java:51)
at java.base/jdk.internal.reflect.DirectMethodHandleAccessor.invoke(DirectMethodHandleAccessor.java:103)
at java.base/java.lang.reflect.Method.invoke(Method.java:580)
at org.testng.internal.invokers.MethodInvocationHelper.invokeMethod(MethodInvocationHelper.java:139)
at org.testng.internal.invokers.TestInvoker.invokeMethod(TestInvoker.java:664)
at org.testng.internal.invokers.TestInvoker.invokeTestMethod(TestInvoker.java:228)
at org.testng.internal.invokers.MethodRunner.runInSequence(MethodRunner.java:63)
at org.testng.internal.invokers.TestInvoker$MethodInvocationAgent.invoke(TestInvoker.java:961)
at org.testng.internal.invokers.TestInvoker.invokeTestMethods(TestInvoker.java:201)
at org.testng.internal.invokers.TestMethodWorker.invokeTestMethods(TestMethodWorker.java:148)
at org.testng.internal.invokers.TestMethodWorker.run(TestMethodWorker.java:128)
at java.base/java.util.ArrayList.forEach(ArrayList.java:1596)
at org.testng.TestRunner.privateRun(TestRunner.java:819)
at org.testng.TestRunner.run(TestRunner.java:619)
at org.testng.SuiteRunner.runTest(SuiteRunner.java:443)
at org.testng.SuiteRunner.runSequentially(SuiteRunner.java:437)
at org.testng.SuiteRunner.privateRun(SuiteRunner.java:397)
at org.testng.SuiteRunner.run(SuiteRunner.java:336)
at org.testng.SuiteRunnerWorker.runSuite(SuiteRunnerWorker.java:52)
at org.testng.SuiteRunnerWorker.run(SuiteRunnerWorker.java:95)
at org.testng.TestNG.runSuitesSequentially(TestNG.java:1301)
at org.testng.TestNG.runSuitesLocally(TestNG.java:1228)
at org.testng.TestNG.runSuites(TestNG.java:1134)
at org.testng.TestNG.run(TestNG.java:1101)
at org.testng.remote.AbstractRemoteTestNG.run(AbstractRemoteTestNG.java:115)
at org.testng.remote.RemoteTestNG.initAndRun(RemoteTestNG.java:293)
at org.testng.remote.RemoteTestNG.main(RemoteTestNG.java:91)
]]>
            </full-stacktrace>
          </exception> <!-- java.lang.AssertionError -->
          <reporter-output>
          </reporter-output>
        </test-method> <!-- loginWithMultipleUsers -->
        <test-method is-config="true" signature="tearDown()[pri:0, instance:tests.LoginTest@4f83df68]" started-at="2026-04-30T13:37:37 IST" name="tearDown" finished-at="2026-04-30T13:37:37 IST" duration-ms="245" status="PASS">
          <reporter-output>
          </reporter-output>
        </test-method> <!-- tearDown -->
        <test-method is-config="true" signature="setUp()[pri:0, instance:tests.LoginTest@4f83df68]" started-at="2026-04-30T13:37:37 IST" name="setUp" finished-at="2026-04-30T13:37:39 IST" duration-ms="2467" status="PASS">
          <reporter-output>
          </reporter-output>
        </test-method> <!-- setUp -->
        <test-method signature="loginWithMultipleUsers(java.lang.String)[pri:0, instance:tests.LoginTest@4f83df68]" started-at="2026-04-30T13:37:39 IST" name="loginWithMultipleUsers" data-provider="loginData" finished-at="2026-04-30T13:37:43 IST" duration-ms="3136" status="PASS">
          <params>
            <param index="0">
              <value>
                <![CDATA[priyanka_admin_agent]]>
              </value>
            </param>
          </params>
          <reporter-output>
          </reporter-output>
        </test-method> <!-- loginWithMultipleUsers -->
        <test-method is-config="true" signature="tearDown()[pri:0, instance:tests.LoginTest@4f83df68]" started-at="2026-04-30T13:37:43 IST" name="tearDown" finished-at="2026-04-30T13:37:43 IST" duration-ms="204" status="PASS">
          <reporter-output>
          </reporter-output>
        </test-method> <!-- tearDown -->
        <test-method is-config="true" signature="setUp()[pri:0, instance:tests.LoginTest@4f83df68]" started-at="2026-04-30T13:37:43 IST" name="setUp" finished-at="2026-04-30T13:37:46 IST" duration-ms="2829" status="PASS">
          <reporter-output>
          </reporter-output>
        </test-method> <!-- setUp -->
        <test-method signature="loginWithMultipleUsers(java.lang.String)[pri:0, instance:tests.LoginTest@4f83df68]" started-at="2026-04-30T13:37:46 IST" name="loginWithMultipleUsers" data-provider="loginData" finished-at="2026-04-30T13:37:48 IST" duration-ms="1967" status="PASS">
          <params>
            <param index="0">
              <value>
                <![CDATA[priyanka_operations_mask]]>
              </value>
            </param>
          </params>
          <reporter-output>
          </reporter-output>
        </test-method> <!-- loginWithMultipleUsers -->
        <test-method is-config="true" signature="tearDown()[pri:0, instance:tests.LoginTest@4f83df68]" started-at="2026-04-30T13:37:48 IST" name="tearDown" finished-at="2026-04-30T13:37:48 IST" duration-ms="210" status="PASS">
          <reporter-output>
          </reporter-output>
        </test-method> <!-- tearDown -->
        <test-method is-config="true" signature="setUp()[pri:0, instance:tests.LoginTest@4f83df68]" started-at="2026-04-30T13:37:48 IST" name="setUp" finished-at="2026-04-30T13:37:51 IST" duration-ms="2763" status="PASS">
          <reporter-output>
          </reporter-output>
        </test-method> <!-- setUp -->
        <test-method signature="loginWithMultipleUsers(java.lang.String)[pri:0, instance:tests.LoginTest@4f83df68]" started-at="2026-04-30T13:37:51 IST" name="loginWithMultipleUsers" data-provider="loginData" finished-at="2026-04-30T13:37:52 IST" duration-ms="1775" status="PASS">
          <params>
            <param index="0">
              <value>
                <![CDATA[priyanka_sales]]>
              </value>
            </param>
          </params>
          <reporter-output>
          </reporter-output>
        </test-method> <!-- loginWithMultipleUsers -->
        <test-method is-config="true" signature="tearDown()[pri:0, instance:tests.LoginTest@4f83df68]" started-at="2026-04-30T13:37:52 IST" name="tearDown" finished-at="2026-04-30T13:37:53 IST" duration-ms="437" status="PASS">
          <reporter-output>
          </reporter-output>
        </test-method> <!-- tearDown -->
        <test-method is-config="true" signature="setUp()[pri:0, instance:tests.LoginTest@4f83df68]" started-at="2026-04-30T13:37:53 IST" name="setUp" finished-at="2026-04-30T13:37:56 IST" duration-ms="3262" status="PASS">
          <reporter-output>
          </reporter-output>
        </test-method> <!-- setUp -->
        <test-method signature="loginWithMultipleUsers(java.lang.String)[pri:0, instance:tests.LoginTest@4f83df68]" started-at="2026-04-30T13:37:56 IST" name="loginWithMultipleUsers" data-provider="loginData" finished-at="2026-04-30T13:37:59 IST" duration-ms="2505" status="PASS">
          <params>
            <param index="0">
              <value>
                <![CDATA[priyanka_operations_lp]]>
              </value>
            </param>
          </params>
          <reporter-output>
          </reporter-output>
        </test-method> <!-- loginWithMultipleUsers -->
        <test-method is-config="true" signature="tearDown()[pri:0, instance:tests.LoginTest@4f83df68]" started-at="2026-04-30T13:37:59 IST" name="tearDown" finished-at="2026-04-30T13:37:59 IST" duration-ms="193" status="PASS">
          <reporter-output>
          </reporter-output>
        </test-method> <!-- tearDown -->
        <test-method is-config="true" signature="setUp()[pri:0, instance:tests.LoginTest@4f83df68]" started-at="2026-04-30T13:37:59 IST" name="setUp" finished-at="2026-04-30T13:38:02 IST" duration-ms="2816" status="PASS">
          <reporter-output>
          </reporter-output>
        </test-method> <!-- setUp -->
        <test-method signature="loginWithMultipleUsers(java.lang.String)[pri:0, instance:tests.LoginTest@4f83df68]" started-at="2026-04-30T13:38:02 IST" name="loginWithMultipleUsers" data-provider="loginData" finished-at="2026-04-30T13:38:04 IST" duration-ms="2546" status="PASS">
          <params>
            <param index="0">
              <value>
                <![CDATA[priyanka_zoutons_emailing]]>
              </value>
            </param>
          </params>
          <reporter-output>
          </reporter-output>
        </test-method> <!-- loginWithMultipleUsers -->
        <test-method is-config="true" signature="tearDown()[pri:0, instance:tests.LoginTest@4f83df68]" started-at="2026-04-30T13:38:04 IST" name="tearDown" finished-at="2026-04-30T13:38:04 IST" duration-ms="196" status="PASS">
          <reporter-output>
          </reporter-output>
        </test-method> <!-- tearDown -->
        <test-method is-config="true" signature="setUp()[pri:0, instance:tests.LoginTest@4f83df68]" started-at="2026-04-30T13:38:04 IST" name="setUp" finished-at="2026-04-30T13:38:07 IST" duration-ms="2645" status="PASS">
          <reporter-output>
          </reporter-output>
        </test-method> <!-- setUp -->
        <test-method signature="loginWithMultipleUsers(java.lang.String)[pri:0, instance:tests.LoginTest@4f83df68]" started-at="2026-04-30T13:38:07 IST" name="loginWithMultipleUsers" data-provider="loginData" finished-at="2026-04-30T13:38:10 IST" duration-ms="2870" status="PASS">
          <params>
            <param index="0">
              <value>
                <![CDATA[priyanka_ops_marketing]]>
              </value>
            </param>
          </params>
          <reporter-output>
          </reporter-output>
        </test-method> <!-- loginWithMultipleUsers -->
        <test-method is-config="true" signature="tearDown()[pri:0, instance:tests.LoginTest@4f83df68]" started-at="2026-04-30T13:38:10 IST" name="tearDown" finished-at="2026-04-30T13:38:10 IST" duration-ms="262" status="PASS">
          <reporter-output>
          </reporter-output>
        </test-method> <!-- tearDown -->
        <test-method is-config="true" signature="setUp()[pri:0, instance:tests.LoginTest@4f83df68]" started-at="2026-04-30T13:38:10 IST" name="setUp" finished-at="2026-04-30T13:38:16 IST" duration-ms="6288" status="PASS">
          <reporter-output>
          </reporter-output>
        </test-method> <!-- setUp -->
        <test-method signature="loginWithMultipleUsers(java.lang.String)[pri:0, instance:tests.LoginTest@4f83df68]" started-at="2026-04-30T13:38:16 IST" name="loginWithMultipleUsers" data-provider="loginData" finished-at="2026-04-30T13:38:18 IST" duration-ms="1457" status="PASS">
          <params>
            <param index="0">
              <value>
                <![CDATA[priyanka_ops_sms]]>
              </value>
            </param>
          </params>
          <reporter-output>
          </reporter-output>
        </test-method> <!-- loginWithMultipleUsers -->
        <test-method is-config="true" signature="tearDown()[pri:0, instance:tests.LoginTest@4f83df68]" started-at="2026-04-30T13:38:18 IST" name="tearDown" finished-at="2026-04-30T13:38:18 IST" duration-ms="204" status="PASS">
          <reporter-output>
          </reporter-output>
        </test-method> <!-- tearDown -->
        <test-method is-config="true" signature="setUp()[pri:0, instance:tests.LoginTest@4f83df68]" started-at="2026-04-30T13:38:18 IST" name="setUp" finished-at="2026-04-30T13:38:21 IST" duration-ms="2914" status="PASS">
          <reporter-output>
          </reporter-output>
        </test-method> <!-- setUp -->
        <test-method signature="loginWithMultipleUsers(java.lang.String)[pri:0, instance:tests.LoginTest@4f83df68]" started-at="2026-04-30T13:38:21 IST" name="loginWithMultipleUsers" data-provider="loginData" finished-at="2026-04-30T13:38:22 IST" duration-ms="1357" status="PASS">
          <params>
            <param index="0">
              <value>
                <![CDATA[priyanka_central_team]]>
              </value>
            </param>
          </params>
          <reporter-output>
          </reporter-output>
        </test-method> <!-- loginWithMultipleUsers -->
        <test-method is-config="true" signature="tearDown()[pri:0, instance:tests.LoginTest@4f83df68]" started-at="2026-04-30T13:38:22 IST" name="tearDown" finished-at="2026-04-30T13:38:23 IST" duration-ms="190" status="PASS">
          <reporter-output>
          </reporter-output>
        </test-method> <!-- tearDown -->
        <test-method is-config="true" signature="setUp()[pri:0, instance:tests.LoginTest@4f83df68]" started-at="2026-04-30T13:38:23 IST" name="setUp" finished-at="2026-04-30T13:38:25 IST" duration-ms="2863" status="PASS">
          <reporter-output>
          </reporter-output>
        </test-method> <!-- setUp -->
        <test-method signature="loginWithMultipleUsers(java.lang.String)[pri:0, instance:tests.LoginTest@4f83df68]" started-at="2026-04-30T13:38:25 IST" name="loginWithMultipleUsers" data-provider="loginData" finished-at="2026-04-30T13:38:27 IST" duration-ms="1439" status="PASS">
          <params>
            <param index="0">
              <value>
                <![CDATA[priyanka_zonal_head]]>
              </value>
            </param>
          </params>
          <reporter-output>
          </reporter-output>
        </test-method> <!-- loginWithMultipleUsers -->
        <test-method is-config="true" signature="tearDown()[pri:0, instance:tests.LoginTest@4f83df68]" started-at="2026-04-30T13:38:27 IST" name="tearDown" finished-at="2026-04-30T13:38:27 IST" duration-ms="200" status="PASS">
          <reporter-output>
          </reporter-output>
        </test-method> <!-- tearDown -->
        <test-method is-config="true" signature="setUp()[pri:0, instance:tests.LoginTest@4f83df68]" started-at="2026-04-30T13:38:27 IST" name="setUp" finished-at="2026-04-30T13:38:30 IST" duration-ms="2659" status="PASS">
          <reporter-output>
          </reporter-output>
        </test-method> <!-- setUp -->
        <test-method signature="loginWithMultipleUsers(java.lang.String)[pri:0, instance:tests.LoginTest@4f83df68]" started-at="2026-04-30T13:38:30 IST" name="loginWithMultipleUsers" data-provider="loginData" finished-at="2026-04-30T13:38:31 IST" duration-ms="1763" status="PASS">
          <params>
            <param index="0">
              <value>
                <![CDATA[priyanka_regional_head]]>
              </value>
            </param>
          </params>
          <reporter-output>
          </reporter-output>
        </test-method> <!-- loginWithMultipleUsers -->
        <test-method is-config="true" signature="tearDown()[pri:0, instance:tests.LoginTest@4f83df68]" started-at="2026-04-30T13:38:31 IST" name="tearDown" finished-at="2026-04-30T13:38:32 IST" duration-ms="193" status="PASS">
          <reporter-output>
          </reporter-output>
        </test-method> <!-- tearDown -->
        <test-method is-config="true" signature="setUp()[pri:0, instance:tests.LoginTest@4f83df68]" started-at="2026-04-30T13:38:32 IST" name="setUp" finished-at="2026-04-30T13:38:35 IST" duration-ms="3059" status="PASS">
          <reporter-output>
          </reporter-output>
        </test-method> <!-- setUp -->
        <test-method signature="loginWithMultipleUsers(java.lang.String)[pri:0, instance:tests.LoginTest@4f83df68]" started-at="2026-04-30T13:38:35 IST" name="loginWithMultipleUsers" data-provider="loginData" finished-at="2026-04-30T13:38:37 IST" duration-ms="1948" status="PASS">
          <params>
            <param index="0">
              <value>
                <![CDATA[priyanka_state_head]]>
              </value>
            </param>
          </params>
          <reporter-output>
          </reporter-output>
        </test-method> <!-- loginWithMultipleUsers -->
        <test-method is-config="true" signature="tearDown()[pri:0, instance:tests.LoginTest@4f83df68]" started-at="2026-04-30T13:38:37 IST" name="tearDown" finished-at="2026-04-30T13:38:37 IST" duration-ms="202" status="PASS">
          <reporter-output>
          </reporter-output>
        </test-method> <!-- tearDown -->
        <test-method is-config="true" signature="setUp()[pri:0, instance:tests.LoginTest@4f83df68]" started-at="2026-04-30T13:38:37 IST" name="setUp" finished-at="2026-04-30T13:38:40 IST" duration-ms="2622" status="PASS">
          <reporter-output>
          </reporter-output>
        </test-method> <!-- setUp -->
        <test-method signature="loginWithMultipleUsers(java.lang.String)[pri:0, instance:tests.LoginTest@4f83df68]" started-at="2026-04-30T13:38:40 IST" name="loginWithMultipleUsers" data-provider="loginData" finished-at="2026-04-30T13:38:41 IST" duration-ms="1608" status="PASS">
          <params>
            <param index="0">
              <value>
                <![CDATA[priyanka_city_head]]>
              </value>
            </param>
          </params>
          <reporter-output>
          </reporter-output>
        </test-method> <!-- loginWithMultipleUsers -->
        <test-method is-config="true" signature="tearDown()[pri:0, instance:tests.LoginTest@4f83df68]" started-at="2026-04-30T13:38:41 IST" name="tearDown" finished-at="2026-04-30T13:38:41 IST" duration-ms="198" status="PASS">
          <reporter-output>
          </reporter-output>
        </test-method> <!-- tearDown -->
        <test-method is-config="true" signature="setUp()[pri:0, instance:tests.LoginTest@4f83df68]" started-at="2026-04-30T13:38:41 IST" name="setUp" finished-at="2026-04-30T13:38:44 IST" duration-ms="2843" status="PASS">
          <reporter-output>
          </reporter-output>
        </test-method> <!-- setUp -->
        <test-method signature="loginWithMultipleUsers(java.lang.String)[pri:0, instance:tests.LoginTest@4f83df68]" started-at="2026-04-30T13:38:44 IST" name="loginWithMultipleUsers" data-provider="loginData" finished-at="2026-04-30T13:38:46 IST" duration-ms="2146" status="PASS">
          <params>
            <param index="0">
              <value>
                <![CDATA[priyanka_senior_opm]]>
              </value>
            </param>
          </params>
          <reporter-output>
          </reporter-output>
        </test-method> <!-- loginWithMultipleUsers -->
        <test-method is-config="true" signature="tearDown()[pri:0, instance:tests.LoginTest@4f83df68]" started-at="2026-04-30T13:38:46 IST" name="tearDown" finished-at="2026-04-30T13:38:47 IST" duration-ms="223" status="PASS">
          <reporter-output>
          </reporter-output>
        </test-method> <!-- tearDown -->
        <test-method is-config="true" signature="setUp()[pri:0, instance:tests.LoginTest@4f83df68]" started-at="2026-04-30T13:38:47 IST" name="setUp" finished-at="2026-04-30T13:38:49 IST" duration-ms="2834" status="PASS">
          <reporter-output>
          </reporter-output>
        </test-method> <!-- setUp -->
        <test-method signature="loginWithMultipleUsers(java.lang.String)[pri:0, instance:tests.LoginTest@4f83df68]" started-at="2026-04-30T13:38:49 IST" name="loginWithMultipleUsers" data-provider="loginData" finished-at="2026-04-30T13:38:51 IST" duration-ms="1741" status="PASS">
          <params>
            <param index="0">
              <value>
                <![CDATA[priyanka_operations_executive]]>
              </value>
            </param>
          </params>
          <reporter-output>
          </reporter-output>
        </test-method> <!-- loginWithMultipleUsers -->
        <test-method is-config="true" signature="tearDown()[pri:0, instance:tests.LoginTest@4f83df68]" started-at="2026-04-30T13:38:51 IST" name="tearDown" finished-at="2026-04-30T13:38:51 IST" duration-ms="200" status="PASS">
          <reporter-output>
          </reporter-output>
        </test-method> <!-- tearDown -->
        <test-method is-config="true" signature="setUp()[pri:0, instance:tests.LoginTest@4f83df68]" started-at="2026-04-30T13:38:51 IST" name="setUp" finished-at="2026-04-30T13:38:54 IST" duration-ms="2634" status="PASS">
          <reporter-output>
          </reporter-output>
        </test-method> <!-- setUp -->
        <test-method signature="loginWithMultipleUsers(java.lang.String)[pri:0, instance:tests.LoginTest@4f83df68]" started-at="2026-04-30T13:38:54 IST" name="loginWithMultipleUsers" data-provider="loginData" finished-at="2026-04-30T13:38:57 IST" duration-ms="2833" status="PASS">
          <params>
            <param index="0">
              <value>
                <![CDATA[priyanka_institute_opm]]>
              </value>
            </param>
          </params>
          <reporter-output>
          </reporter-output>
        </test-method> <!-- loginWithMultipleUsers -->
        <test-method is-config="true" signature="tearDown()[pri:0, instance:tests.LoginTest@4f83df68]" started-at="2026-04-30T13:38:57 IST" name="tearDown" finished-at="2026-04-30T13:38:57 IST" duration-ms="192" status="PASS">
          <reporter-output>
          </reporter-output>
        </test-method> <!-- tearDown -->
        <test-method is-config="true" signature="setUp()[pri:0, instance:tests.LoginTest@4f83df68]" started-at="2026-04-30T13:38:57 IST" name="setUp" finished-at="2026-04-30T13:39:00 IST" duration-ms="2744" status="PASS">
          <reporter-output>
          </reporter-output>
        </test-method> <!-- setUp -->
        <test-method signature="loginWithMultipleUsers(java.lang.String)[pri:0, instance:tests.LoginTest@4f83df68]" started-at="2026-04-30T13:39:00 IST" name="loginWithMultipleUsers" data-provider="loginData" finished-at="2026-04-30T13:39:01 IST" duration-ms="1718" status="PASS">
          <params>
            <param index="0">
              <value>
                <![CDATA[priyanka_overseas_opm]]>
              </value>
            </param>
          </params>
          <reporter-output>
          </reporter-output>
        </test-method> <!-- loginWithMultipleUsers -->
        <test-method is-config="true" signature="tearDown()[pri:0, instance:tests.LoginTest@4f83df68]" started-at="2026-04-30T13:39:01 IST" name="tearDown" finished-at="2026-04-30T13:39:02 IST" duration-ms="195" status="PASS">
          <reporter-output>
          </reporter-output>
        </test-method> <!-- tearDown -->
        <test-method is-config="true" signature="setUp()[pri:0, instance:tests.LoginTest@4f83df68]" started-at="2026-04-30T13:39:02 IST" name="setUp" finished-at="2026-04-30T13:39:05 IST" duration-ms="3661" status="PASS">
          <reporter-output>
          </reporter-output>
        </test-method> <!-- setUp -->
        <test-method signature="loginWithMultipleUsers(java.lang.String)[pri:0, instance:tests.LoginTest@4f83df68]" started-at="2026-04-30T13:39:05 IST" name="loginWithMultipleUsers" data-provider="loginData" finished-at="2026-04-30T13:39:07 IST" duration-ms="1921" status="PASS">
          <params>
            <param index="0">
              <value>
                <![CDATA[priyanka_ops_marketing_sa]]>
              </value>
            </param>
          </params>
          <reporter-output>
          </reporter-output>
        </test-method> <!-- loginWithMultipleUsers -->
        <test-method is-config="true" signature="tearDown()[pri:0, instance:tests.LoginTest@4f83df68]" started-at="2026-04-30T13:39:07 IST" name="tearDown" finished-at="2026-04-30T13:39:07 IST" duration-ms="251" status="PASS">
          <reporter-output>
          </reporter-output>
        </test-method> <!-- tearDown -->
        <test-method is-config="true" signature="setUp()[pri:0, instance:tests.LoginTest@4f83df68]" started-at="2026-04-30T13:39:07 IST" name="setUp" finished-at="2026-04-30T13:39:11 IST" duration-ms="3964" status="PASS">
          <reporter-output>
          </reporter-output>
        </test-method> <!-- setUp -->
        <test-method signature="loginWithMultipleUsers(java.lang.String)[pri:0, instance:tests.LoginTest@4f83df68]" started-at="2026-04-30T13:39:11 IST" name="loginWithMultipleUsers" data-provider="loginData" finished-at="2026-04-30T13:39:13 IST" duration-ms="1921" status="PASS">
          <params>
            <param index="0">
              <value>
                <![CDATA[priyanka_frizza_emailing]]>
              </value>
            </param>
          </params>
          <reporter-output>
          </reporter-output>
        </test-method> <!-- loginWithMultipleUsers -->
        <test-method is-config="true" signature="tearDown()[pri:0, instance:tests.LoginTest@4f83df68]" started-at="2026-04-30T13:39:13 IST" name="tearDown" finished-at="2026-04-30T13:39:14 IST" duration-ms="193" status="PASS">
          <reporter-output>
          </reporter-output>
        </test-method> <!-- tearDown -->
        <test-method is-config="true" signature="setUp()[pri:0, instance:tests.LoginTest@4f83df68]" started-at="2026-04-30T13:39:14 IST" name="setUp" finished-at="2026-04-30T13:39:16 IST" duration-ms="2697" status="PASS">
          <reporter-output>
          </reporter-output>
        </test-method> <!-- setUp -->
        <test-method signature="loginWithMultipleUsers(java.lang.String)[pri:0, instance:tests.LoginTest@4f83df68]" started-at="2026-04-30T13:39:16 IST" name="loginWithMultipleUsers" data-provider="loginData" finished-at="2026-04-30T13:39:18 IST" duration-ms="1926" status="PASS">
          <params>
            <param index="0">
              <value>
                <![CDATA[priyanka_sales_abroad]]>
              </value>
            </param>
          </params>
          <reporter-output>
          </reporter-output>
        </test-method> <!-- loginWithMultipleUsers -->
        <test-method is-config="true" signature="tearDown()[pri:0, instance:tests.LoginTest@4f83df68]" started-at="2026-04-30T13:39:18 IST" name="tearDown" finished-at="2026-04-30T13:39:18 IST" duration-ms="183" status="PASS">
          <reporter-output>
          </reporter-output>
        </test-method> <!-- tearDown -->
        <test-method is-config="true" signature="setUp()[pri:0, instance:tests.LoginTest@4f83df68]" started-at="2026-04-30T13:39:18 IST" name="setUp" finished-at="2026-04-30T13:39:22 IST" duration-ms="3339" status="PASS">
          <reporter-output>
          </reporter-output>
        </test-method> <!-- setUp -->
        <test-method signature="loginWithMultipleUsers(java.lang.String)[pri:0, instance:tests.LoginTest@4f83df68]" started-at="2026-04-30T13:39:22 IST" name="loginWithMultipleUsers" data-provider="loginData" finished-at="2026-04-30T13:39:25 IST" duration-ms="3607" status="PASS">
          <params>
            <param index="0">
              <value>
                <![CDATA[priyanka_csv_emailing]]>
              </value>
            </param>
          </params>
          <reporter-output>
          </reporter-output>
        </test-method> <!-- loginWithMultipleUsers -->
        <test-method is-config="true" signature="tearDown()[pri:0, instance:tests.LoginTest@4f83df68]" started-at="2026-04-30T13:39:25 IST" name="tearDown" finished-at="2026-04-30T13:39:26 IST" duration-ms="235" status="PASS">
          <reporter-output>
          </reporter-output>
        </test-method> <!-- tearDown -->
        <test-method is-config="true" signature="setUp()[pri:0, instance:tests.LoginTest@4f83df68]" started-at="2026-04-30T13:39:26 IST" name="setUp" finished-at="2026-04-30T13:39:28 IST" duration-ms="2763" status="PASS">
          <reporter-output>
          </reporter-output>
        </test-method> <!-- setUp -->
        <test-method signature="loginWithMultipleUsers(java.lang.String)[pri:0, instance:tests.LoginTest@4f83df68]" started-at="2026-04-30T13:39:28 IST" name="loginWithMultipleUsers" data-provider="loginData" finished-at="2026-04-30T13:39:31 IST" duration-ms="3114" status="PASS">
          <params>
            <param index="0">
              <value>
                <![CDATA[priyanka_finance]]>
              </value>
            </param>
          </params>
          <reporter-output>
          </reporter-output>
        </test-method> <!-- loginWithMultipleUsers -->
        <test-method is-config="true" signature="tearDown()[pri:0, instance:tests.LoginTest@4f83df68]" started-at="2026-04-30T13:39:31 IST" name="tearDown" finished-at="2026-04-30T13:39:32 IST" duration-ms="226" status="PASS">
          <reporter-output>
          </reporter-output>
        </test-method> <!-- tearDown -->
        <test-method is-config="true" signature="setUp()[pri:0, instance:tests.LoginTest@4f83df68]" started-at="2026-04-30T13:39:32 IST" name="setUp" finished-at="2026-04-30T13:39:34 IST" duration-ms="2803" status="PASS">
          <reporter-output>
          </reporter-output>
        </test-method> <!-- setUp -->
        <test-method signature="loginWithMultipleUsers(java.lang.String)[pri:0, instance:tests.LoginTest@4f83df68]" started-at="2026-04-30T13:39:34 IST" name="loginWithMultipleUsers" data-provider="loginData" finished-at="2026-04-30T13:39:36 IST" duration-ms="1496" status="PASS">
          <params>
            <param index="0">
              <value>
                <![CDATA[priyanka_frizza_sms]]>
              </value>
            </param>
          </params>
          <reporter-output>
          </reporter-output>
        </test-method> <!-- loginWithMultipleUsers -->
        <test-method is-config="true" signature="tearDown()[pri:0, instance:tests.LoginTest@4f83df68]" started-at="2026-04-30T13:39:36 IST" name="tearDown" finished-at="2026-04-30T13:39:36 IST" duration-ms="193" status="PASS">
          <reporter-output>
          </reporter-output>
        </test-method> <!-- tearDown -->
        <test-method is-config="true" signature="setUp()[pri:0, instance:tests.LoginTest@4f83df68]" started-at="2026-04-30T13:39:36 IST" name="setUp" finished-at="2026-04-30T13:39:39 IST" duration-ms="3326" status="PASS">
          <reporter-output>
          </reporter-output>
        </test-method> <!-- setUp -->
        <test-method signature="loginWithMultipleUsers(java.lang.String)[pri:0, instance:tests.LoginTest@4f83df68]" started-at="2026-04-30T13:39:39 IST" name="loginWithMultipleUsers" data-provider="loginData" finished-at="2026-04-30T13:39:41 IST" duration-ms="1280" status="PASS">
          <params>
            <param index="0">
              <value>
                <![CDATA[priyanka_notif_pu]]>
              </value>
            </param>
          </params>
          <reporter-output>
          </reporter-output>
        </test-method> <!-- loginWithMultipleUsers -->
        <test-method is-config="true" signature="tearDown()[pri:0, instance:tests.LoginTest@4f83df68]" started-at="2026-04-30T13:39:41 IST" name="tearDown" finished-at="2026-04-30T13:39:41 IST" duration-ms="183" status="PASS">
          <reporter-output>
          </reporter-output>
        </test-method> <!-- tearDown -->
        <test-method is-config="true" signature="setUp()[pri:0, instance:tests.LoginTest@4f83df68]" started-at="2026-04-30T13:39:41 IST" name="setUp" finished-at="2026-04-30T13:39:44 IST" duration-ms="3130" status="PASS">
          <reporter-output>
          </reporter-output>
        </test-method> <!-- setUp -->
        <test-method signature="loginWithMultipleUsers(java.lang.String)[pri:0, instance:tests.LoginTest@4f83df68]" started-at="2026-04-30T13:39:44 IST" name="loginWithMultipleUsers" data-provider="loginData" finished-at="2026-04-30T13:39:46 IST" duration-ms="1664" status="PASS">
          <params>
            <param index="0">
              <value>
                <![CDATA[priyanka_jr_opm]]>
              </value>
            </param>
          </params>
          <reporter-output>
          </reporter-output>
        </test-method> <!-- loginWithMultipleUsers -->
        <test-method is-config="true" signature="tearDown()[pri:0, instance:tests.LoginTest@4f83df68]" started-at="2026-04-30T13:39:46 IST" name="tearDown" finished-at="2026-04-30T13:39:46 IST" duration-ms="196" status="PASS">
          <reporter-output>
          </reporter-output>
        </test-method> <!-- tearDown -->
        <test-method is-config="true" signature="setUp()[pri:0, instance:tests.LoginTest@4f83df68]" started-at="2026-04-30T13:39:46 IST" name="setUp" finished-at="2026-04-30T13:39:49 IST" duration-ms="2715" status="PASS">
          <reporter-output>
          </reporter-output>
        </test-method> <!-- setUp -->
        <test-method signature="loginWithMultipleUsers(java.lang.String)[pri:0, instance:tests.LoginTest@4f83df68]" started-at="2026-04-30T13:39:49 IST" name="loginWithMultipleUsers" data-provider="loginData" finished-at="2026-04-30T13:39:50 IST" duration-ms="1826" status="PASS">
          <params>
            <param index="0">
              <value>
                <![CDATA[priyanka_third_party_user]]>
              </value>
            </param>
          </params>
          <reporter-output>
          </reporter-output>
        </test-method> <!-- loginWithMultipleUsers -->
        <test-method is-config="true" signature="tearDown()[pri:0, instance:tests.LoginTest@4f83df68]" started-at="2026-04-30T13:39:50 IST" name="tearDown" finished-at="2026-04-30T13:39:51 IST" duration-ms="194" status="PASS">
          <reporter-output>
          </reporter-output>
        </test-method> <!-- tearDown -->
        <test-method is-config="true" signature="setUp()[pri:0, instance:tests.LoginTest@4f83df68]" started-at="2026-04-30T13:39:51 IST" name="setUp" finished-at="2026-04-30T13:39:53 IST" duration-ms="2161" status="PASS">
          <reporter-output>
          </reporter-output>
        </test-method> <!-- setUp -->
        <test-method signature="loginWithMultipleUsers(java.lang.String)[pri:0, instance:tests.LoginTest@4f83df68]" started-at="2026-04-30T13:39:53 IST" name="loginWithMultipleUsers" data-provider="loginData" finished-at="2026-04-30T13:39:55 IST" duration-ms="1890" status="PASS">
          <params>
            <param index="0">
              <value>
                <![CDATA[priyanka_third_party_csv]]>
              </value>
            </param>
          </params>
          <reporter-output>
          </reporter-output>
        </test-method> <!-- loginWithMultipleUsers -->
        <test-method is-config="true" signature="tearDown()[pri:0, instance:tests.LoginTest@4f83df68]" started-at="2026-04-30T13:39:55 IST" name="tearDown" finished-at="2026-04-30T13:39:55 IST" duration-ms="199" status="PASS">
          <reporter-output>
          </reporter-output>
        </test-method> <!-- tearDown -->
        <test-method is-config="true" signature="setUp()[pri:0, instance:tests.LoginTest@4f83df68]" started-at="2026-04-30T13:39:55 IST" name="setUp" finished-at="2026-04-30T13:39:59 IST" duration-ms="3955" status="PASS">
          <reporter-output>
          </reporter-output>
        </test-method> <!-- setUp -->
        <test-method signature="loginWithMultipleUsers(java.lang.String)[pri:0, instance:tests.LoginTest@4f83df68]" started-at="2026-04-30T13:39:59 IST" name="loginWithMultipleUsers" data-provider="loginData" finished-at="2026-04-30T13:40:00 IST" duration-ms="1269" status="PASS">
          <params>
            <param index="0">
              <value>
                <![CDATA[priyanka_orion_user]]>
              </value>
            </param>
          </params>
          <reporter-output>
          </reporter-output>
        </test-method> <!-- loginWithMultipleUsers -->
        <test-method is-config="true" signature="tearDown()[pri:0, instance:tests.LoginTest@4f83df68]" started-at="2026-04-30T13:40:00 IST" name="tearDown" finished-at="2026-04-30T13:40:00 IST" duration-ms="186" status="PASS">
          <reporter-output>
          </reporter-output>
        </test-method> <!-- tearDown -->
        <test-method is-config="true" signature="setUp()[pri:0, instance:tests.LoginTest@4f83df68]" started-at="2026-04-30T13:40:00 IST" name="setUp" finished-at="2026-04-30T13:40:03 IST" duration-ms="2323" status="PASS">
          <reporter-output>
          </reporter-output>
        </test-method> <!-- setUp -->
        <test-method signature="loginWithMultipleUsers(java.lang.String)[pri:0, instance:tests.LoginTest@4f83df68]" started-at="2026-04-30T13:40:03 IST" name="loginWithMultipleUsers" data-provider="loginData" finished-at="2026-04-30T13:40:05 IST" duration-ms="2118" status="PASS">
          <params>
            <param index="0">
              <value>
                <![CDATA[priyanka_cross_platform_user]]>
              </value>
            </param>
          </params>
          <reporter-output>
          </reporter-output>
        </test-method> <!-- loginWithMultipleUsers -->
        <test-method is-config="true" signature="tearDown()[pri:0, instance:tests.LoginTest@4f83df68]" started-at="2026-04-30T13:40:05 IST" name="tearDown" finished-at="2026-04-30T13:40:05 IST" duration-ms="207" status="PASS">
          <reporter-output>
          </reporter-output>
        </test-method> <!-- tearDown -->
        <test-method is-config="true" signature="setUp()[pri:0, instance:tests.LoginTest@4f83df68]" started-at="2026-04-30T13:40:05 IST" name="setUp" finished-at="2026-04-30T13:40:08 IST" duration-ms="2883" status="PASS">
          <reporter-output>
          </reporter-output>
        </test-method> <!-- setUp -->
        <test-method signature="loginWithMultipleUsers(java.lang.String)[pri:0, instance:tests.LoginTest@4f83df68]" started-at="2026-04-30T13:40:08 IST" name="loginWithMultipleUsers" data-provider="loginData" finished-at="2026-04-30T13:40:11 IST" duration-ms="2848" status="PASS">
          <params>
            <param index="0">
              <value>
                <![CDATA[priyanka_chauhan_dubai]]>
              </value>
            </param>
          </params>
          <reporter-output>
          </reporter-output>
        </test-method> <!-- loginWithMultipleUsers -->
        <test-method is-config="true" signature="tearDown()[pri:0, instance:tests.LoginTest@4f83df68]" started-at="2026-04-30T13:40:11 IST" name="tearDown" finished-at="2026-04-30T13:40:11 IST" duration-ms="194" status="PASS">
          <reporter-output>
          </reporter-output>
        </test-method> <!-- tearDown -->
        <test-method is-config="true" signature="setUp()[pri:0, instance:tests.LoginTest@4f83df68]" started-at="2026-04-30T13:40:11 IST" name="setUp" finished-at="2026-04-30T13:40:15 IST" duration-ms="3829" status="PASS">
          <reporter-output>
          </reporter-output>
        </test-method> <!-- setUp -->
        <test-method signature="loginWithMultipleUsers(java.lang.String)[pri:0, instance:tests.LoginTest@4f83df68]" started-at="2026-04-30T13:40:15 IST" name="loginWithMultipleUsers" data-provider="loginData" finished-at="2026-04-30T13:40:17 IST" duration-ms="1804" status="PASS">
          <params>
            <param index="0">
              <value>
                <![CDATA[priyanka_study_abroad_manager]]>
              </value>
            </param>
          </params>
          <reporter-output>
          </reporter-output>
        </test-method> <!-- loginWithMultipleUsers -->
        <test-method is-config="true" signature="tearDown()[pri:0, instance:tests.LoginTest@4f83df68]" started-at="2026-04-30T13:40:17 IST" name="tearDown" finished-at="2026-04-30T13:40:17 IST" duration-ms="187" status="PASS">
          <reporter-output>
          </reporter-output>
        </test-method> <!-- tearDown -->
        <test-method is-config="true" signature="setUp()[pri:0, instance:tests.LoginTest@4f83df68]" started-at="2026-04-30T13:40:17 IST" name="setUp" finished-at="2026-04-30T13:40:20 IST" duration-ms="3025" status="PASS">
          <reporter-output>
          </reporter-output>
        </test-method> <!-- setUp -->
        <test-method signature="loginWithMultipleUsers(java.lang.String)[pri:0, instance:tests.LoginTest@4f83df68]" started-at="2026-04-30T13:40:20 IST" name="loginWithMultipleUsers" data-provider="loginData" finished-at="2026-04-30T13:40:22 IST" duration-ms="2004" status="PASS">
          <params>
            <param index="0">
              <value>
                <![CDATA[priyanka_third_prty_csv]]>
              </value>
            </param>
          </params>
          <reporter-output>
          </reporter-output>
        </test-method> <!-- loginWithMultipleUsers -->
        <test-method is-config="true" signature="tearDown()[pri:0, instance:tests.LoginTest@4f83df68]" started-at="2026-04-30T13:40:22 IST" name="tearDown" finished-at="2026-04-30T13:40:22 IST" duration-ms="182" status="PASS">
          <reporter-output>
          </reporter-output>
        </test-method> <!-- tearDown -->
      </class> <!-- tests.LoginTest -->
    </test> <!-- Default test -->
  </suite> <!-- Default suite -->
</testng-results>
