<?xml version="1.0" encoding="UTF-8"?>
<!-- Generated by org.testng.reporters.JUnitReportReporter -->
<testsuite hostname="Admins-MacBook-Air.local" failures="3" tests="39" name="tests.LoginTest" time="384.431" errors="0" timestamp="2026-05-11T15:44:43 IST" skipped="0">
  <testcase classname="tests.LoginTest" name="loginWithMultipleUsers" time="11.773"/>
  <testcase classname="tests.LoginTest" name="loginWithMultipleUsers" time="12.882"/>
  <testcase classname="tests.LoginTest" name="loginWithMultipleUsers" time="8.376"/>
  <testcase classname="tests.LoginTest" name="loginWithMultipleUsers" time="8.756"/>
  <testcase classname="tests.LoginTest" name="loginWithMultipleUsers" time="8.687"/>
  <testcase classname="tests.LoginTest" name="loginWithMultipleUsers" time="8.538"/>
  <testcase classname="tests.LoginTest" name="loginWithMultipleUsers" time="12.270"/>
  <testcase classname="tests.LoginTest" name="loginWithMultipleUsers" time="7.733"/>
  <testcase classname="tests.LoginTest" name="loginWithMultipleUsers" time="6.762">
    <failure message="❌ Login failed for user: priyanka_agent2 expected [false] but found [true]" type="java.lang.AssertionError">
      <![CDATA[java.lang.AssertionError: ❌ Login failed for user: priyanka_agent2 expected [false] but found [true]
at org.testng.Assert.fail(Assert.java:111)
at org.testng.Assert.failNotEquals(Assert.java:1578)
at org.testng.Assert.assertFalse(Assert.java:79)
at tests.LoginTest.loginWithMultipleUsers(LoginTest.java:50)
at java.base/jdk.internal.reflect.DirectMethodHandleAccessor.invoke(DirectMethodHandleAccessor.java:103)
at java.base/java.lang.reflect.Method.invoke(Method.java:580)
at org.testng.internal.invokers.MethodInvocationHelper.invokeMethod(MethodInvocationHelper.java:139)
at org.testng.internal.invokers.TestInvoker.invokeMethod(TestInvoker.java:664)
at org.testng.internal.invokers.TestInvoker.invokeTestMethod(TestInvoker.java:228)
at org.testng.internal.invokers.MethodRunner.runInSequence(MethodRunner.java:63)
at org.testng.internal.invokers.TestInvoker$MethodInvocationAgent.invoke(TestInvoker.java:961)
at org.testng.internal.invokers.TestInvoker.invokeTestMethods(TestInvoker.java:201)
at org.testng.internal.invokers.TestMethodWorker.invokeTestMethods(TestMethodWorker.java:148)
at org.testng.internal.invokers.TestMethodWorker.run(TestMethodWorker.java:128)
at java.base/java.util.ArrayList.forEach(ArrayList.java:1596)
at org.testng.TestRunner.privateRun(TestRunner.java:819)
at org.testng.TestRunner.run(TestRunner.java:619)
at org.testng.SuiteRunner.runTest(SuiteRunner.java:443)
at org.testng.SuiteRunner.runSequentially(SuiteRunner.java:437)
at org.testng.SuiteRunner.privateRun(SuiteRunner.java:397)
at org.testng.SuiteRunner.run(SuiteRunner.java:336)
at org.testng.SuiteRunnerWorker.runSuite(SuiteRunnerWorker.java:52)
at org.testng.SuiteRunnerWorker.run(SuiteRunnerWorker.java:95)
at org.testng.TestNG.runSuitesSequentially(TestNG.java:1301)
at org.testng.TestNG.runSuitesLocally(TestNG.java:1228)
at org.testng.TestNG.runSuites(TestNG.java:1134)
at org.testng.TestNG.run(TestNG.java:1101)
at org.testng.remote.AbstractRemoteTestNG.run(AbstractRemoteTestNG.java:115)
at org.testng.remote.RemoteTestNG.initAndRun(RemoteTestNG.java:293)
at org.testng.remote.RemoteTestNG.main(RemoteTestNG.java:91)
]]>
    </failure>
  </testcase> <!-- loginWithMultipleUsers -->
  <testcase classname="tests.LoginTest" name="loginWithMultipleUsers" time="8.384"/>
  <testcase classname="tests.LoginTest" name="loginWithMultipleUsers" time="8.264"/>
  <testcase classname="tests.LoginTest" name="loginWithMultipleUsers" time="12.812"/>
  <testcase classname="tests.LoginTest" name="loginWithMultipleUsers" time="9.796"/>
  <testcase classname="tests.LoginTest" name="loginWithMultipleUsers" time="12.314"/>
  <testcase classname="tests.LoginTest" name="loginWithMultipleUsers" time="13.208"/>
  <testcase classname="tests.LoginTest" name="loginWithMultipleUsers" time="8.829"/>
  <testcase classname="tests.LoginTest" name="loginWithMultipleUsers" time="8.774"/>
  <testcase classname="tests.LoginTest" name="loginWithMultipleUsers" time="6.638">
    <failure message="❌ Login failed for user: priyanka_agentl3 expected [false] but found [true]" type="java.lang.AssertionError">
      <![CDATA[java.lang.AssertionError: ❌ Login failed for user: priyanka_agentl3 expected [false] but found [true]
at org.testng.Assert.fail(Assert.java:111)
at org.testng.Assert.failNotEquals(Assert.java:1578)
at org.testng.Assert.assertFalse(Assert.java:79)
at tests.LoginTest.loginWithMultipleUsers(LoginTest.java:50)
at java.base/jdk.internal.reflect.DirectMethodHandleAccessor.invoke(DirectMethodHandleAccessor.java:103)
at java.base/java.lang.reflect.Method.invoke(Method.java:580)
at org.testng.internal.invokers.MethodInvocationHelper.invokeMethod(MethodInvocationHelper.java:139)
at org.testng.internal.invokers.TestInvoker.invokeMethod(TestInvoker.java:664)
at org.testng.internal.invokers.TestInvoker.invokeTestMethod(TestInvoker.java:228)
at org.testng.internal.invokers.MethodRunner.runInSequence(MethodRunner.java:63)
at org.testng.internal.invokers.TestInvoker$MethodInvocationAgent.invoke(TestInvoker.java:961)
at org.testng.internal.invokers.TestInvoker.invokeTestMethods(TestInvoker.java:201)
at org.testng.internal.invokers.TestMethodWorker.invokeTestMethods(TestMethodWorker.java:148)
at org.testng.internal.invokers.TestMethodWorker.run(TestMethodWorker.java:128)
at java.base/java.util.ArrayList.forEach(ArrayList.java:1596)
at org.testng.TestRunner.privateRun(TestRunner.java:819)
at org.testng.TestRunner.run(TestRunner.java:619)
at org.testng.SuiteRunner.runTest(SuiteRunner.java:443)
at org.testng.SuiteRunner.runSequentially(SuiteRunner.java:437)
at org.testng.SuiteRunner.privateRun(SuiteRunner.java:397)
at org.testng.SuiteRunner.run(SuiteRunner.java:336)
at org.testng.SuiteRunnerWorker.runSuite(SuiteRunnerWorker.java:52)
at org.testng.SuiteRunnerWorker.run(SuiteRunnerWorker.java:95)
at org.testng.TestNG.runSuitesSequentially(TestNG.java:1301)
at org.testng.TestNG.runSuitesLocally(TestNG.java:1228)
at org.testng.TestNG.runSuites(TestNG.java:1134)
at org.testng.TestNG.run(TestNG.java:1101)
at org.testng.remote.AbstractRemoteTestNG.run(AbstractRemoteTestNG.java:115)
at org.testng.remote.RemoteTestNG.initAndRun(RemoteTestNG.java:293)
at org.testng.remote.RemoteTestNG.main(RemoteTestNG.java:91)
]]>
    </failure>
  </testcase> <!-- loginWithMultipleUsers -->
  <testcase classname="tests.LoginTest" name="loginWithMultipleUsers" time="6.603">
    <failure message="❌ Login failed for user: priyanka_agent1 expected [false] but found [true]" type="java.lang.AssertionError">
      <![CDATA[java.lang.AssertionError: ❌ Login failed for user: priyanka_agent1 expected [false] but found [true]
at org.testng.Assert.fail(Assert.java:111)
at org.testng.Assert.failNotEquals(Assert.java:1578)
at org.testng.Assert.assertFalse(Assert.java:79)
at tests.LoginTest.loginWithMultipleUsers(LoginTest.java:50)
at java.base/jdk.internal.reflect.DirectMethodHandleAccessor.invoke(DirectMethodHandleAccessor.java:103)
at java.base/java.lang.reflect.Method.invoke(Method.java:580)
at org.testng.internal.invokers.MethodInvocationHelper.invokeMethod(MethodInvocationHelper.java:139)
at org.testng.internal.invokers.TestInvoker.invokeMethod(TestInvoker.java:664)
at org.testng.internal.invokers.TestInvoker.invokeTestMethod(TestInvoker.java:228)
at org.testng.internal.invokers.MethodRunner.runInSequence(MethodRunner.java:63)
at org.testng.internal.invokers.TestInvoker$MethodInvocationAgent.invoke(TestInvoker.java:961)
at org.testng.internal.invokers.TestInvoker.invokeTestMethods(TestInvoker.java:201)
at org.testng.internal.invokers.TestMethodWorker.invokeTestMethods(TestMethodWorker.java:148)
at org.testng.internal.invokers.TestMethodWorker.run(TestMethodWorker.java:128)
at java.base/java.util.ArrayList.forEach(ArrayList.java:1596)
at org.testng.TestRunner.privateRun(TestRunner.java:819)
at org.testng.TestRunner.run(TestRunner.java:619)
at org.testng.SuiteRunner.runTest(SuiteRunner.java:443)
at org.testng.SuiteRunner.runSequentially(SuiteRunner.java:437)
at org.testng.SuiteRunner.privateRun(SuiteRunner.java:397)
at org.testng.SuiteRunner.run(SuiteRunner.java:336)
at org.testng.SuiteRunnerWorker.runSuite(SuiteRunnerWorker.java:52)
at org.testng.SuiteRunnerWorker.run(SuiteRunnerWorker.java:95)
at org.testng.TestNG.runSuitesSequentially(TestNG.java:1301)
at org.testng.TestNG.runSuitesLocally(TestNG.java:1228)
at org.testng.TestNG.runSuites(TestNG.java:1134)
at org.testng.TestNG.run(TestNG.java:1101)
at org.testng.remote.AbstractRemoteTestNG.run(AbstractRemoteTestNG.java:115)
at org.testng.remote.RemoteTestNG.initAndRun(RemoteTestNG.java:293)
at org.testng.remote.RemoteTestNG.main(RemoteTestNG.java:91)
]]>
    </failure>
  </testcase> <!-- loginWithMultipleUsers -->
  <testcase classname="tests.LoginTest" name="loginWithMultipleUsers" time="7.762"/>
  <testcase classname="tests.LoginTest" name="loginWithMultipleUsers" time="8.169"/>
  <testcase classname="tests.LoginTest" name="loginWithMultipleUsers" time="7.766"/>
  <testcase classname="tests.LoginTest" name="loginWithMultipleUsers" time="7.724"/>
  <testcase classname="tests.LoginTest" name="loginWithMultipleUsers" time="8.471"/>
  <testcase classname="tests.LoginTest" name="loginWithMultipleUsers" time="21.260"/>
  <testcase classname="tests.LoginTest" name="loginWithMultipleUsers" time="11.627"/>
  <testcase classname="tests.LoginTest" name="loginWithMultipleUsers" time="7.192"/>
  <testcase classname="tests.LoginTest" name="loginWithMultipleUsers" time="13.563"/>
  <testcase classname="tests.LoginTest" name="loginWithMultipleUsers" time="8.498"/>
  <testcase classname="tests.LoginTest" name="loginWithMultipleUsers" time="7.772"/>
  <testcase classname="tests.LoginTest" name="loginWithMultipleUsers" time="9.436"/>
  <testcase classname="tests.LoginTest" name="loginWithMultipleUsers" time="13.697"/>
  <testcase classname="tests.LoginTest" name="loginWithMultipleUsers" time="8.724"/>
  <testcase classname="tests.LoginTest" name="loginWithMultipleUsers" time="9.028"/>
  <testcase classname="tests.LoginTest" name="loginWithMultipleUsers" time="13.947"/>
  <testcase classname="tests.LoginTest" name="loginWithMultipleUsers" time="7.304"/>
  <testcase classname="tests.LoginTest" name="loginWithMultipleUsers" time="8.490"/>
  <testcase classname="tests.LoginTest" name="loginWithMultipleUsers" time="10.410"/>
  <testcase classname="tests.LoginTest" name="loginWithMultipleUsers" time="12.192"/>
</testsuite> <!-- tests.LoginTest -->
