<?xml version="1.0" encoding="UTF-8"?>
<!-- Generated by org.testng.reporters.JUnitReportReporter -->
<testsuite hostname="Admins-MacBook-Air.local" failures="2" tests="39" name="tests.LoginTest" time="216.448" errors="0" timestamp="2026-04-30T13:40:22 IST" skipped="0">
  <testcase classname="tests.LoginTest" name="loginWithMultipleUsers" time="4.411"/>
  <testcase classname="tests.LoginTest" name="loginWithMultipleUsers" time="4.924"/>
  <testcase classname="tests.LoginTest" name="loginWithMultipleUsers" time="5.018"/>
  <testcase classname="tests.LoginTest" name="loginWithMultipleUsers" time="5.049"/>
  <testcase classname="tests.LoginTest" name="loginWithMultipleUsers" time="8.925"/>
  <testcase classname="tests.LoginTest" name="loginWithMultipleUsers" time="4.505"/>
  <testcase classname="tests.LoginTest" name="loginWithMultipleUsers" time="5.951"/>
  <testcase classname="tests.LoginTest" name="loginWithMultipleUsers" time="5.958"/>
  <testcase classname="tests.LoginTest" name="loginWithMultipleUsers" time="6.676"/>
  <testcase classname="tests.LoginTest" name="loginWithMultipleUsers" time="4.173">
    <failure message="❌ Login failed for user: priyanka_agent2 expected [true] but found [false]" type="java.lang.AssertionError">
      <![CDATA[java.lang.AssertionError: ❌ Login failed for user: priyanka_agent2 expected [true] but found [false]
at org.testng.Assert.fail(Assert.java:111)
at org.testng.Assert.failNotEquals(Assert.java:1578)
at org.testng.Assert.assertTrue(Assert.java:57)
at tests.LoginTest.loginWithMultipleUsers(LoginTest.java:51)
at java.base/jdk.internal.reflect.DirectMethodHandleAccessor.invoke(DirectMethodHandleAccessor.java:103)
at java.base/java.lang.reflect.Method.invoke(Method.java:580)
at org.testng.internal.invokers.MethodInvocationHelper.invokeMethod(MethodInvocationHelper.java:139)
at org.testng.internal.invokers.TestInvoker.invokeMethod(TestInvoker.java:664)
at org.testng.internal.invokers.TestInvoker.invokeTestMethod(TestInvoker.java:228)
at org.testng.internal.invokers.MethodRunner.runInSequence(MethodRunner.java:63)
at org.testng.internal.invokers.TestInvoker$MethodInvocationAgent.invoke(TestInvoker.java:961)
at org.testng.internal.invokers.TestInvoker.invokeTestMethods(TestInvoker.java:201)
at org.testng.internal.invokers.TestMethodWorker.invokeTestMethods(TestMethodWorker.java:148)
at org.testng.internal.invokers.TestMethodWorker.run(TestMethodWorker.java:128)
at java.base/java.util.ArrayList.forEach(ArrayList.java:1596)
at org.testng.TestRunner.privateRun(TestRunner.java:819)
at org.testng.TestRunner.run(TestRunner.java:619)
at org.testng.SuiteRunner.runTest(SuiteRunner.java:443)
at org.testng.SuiteRunner.runSequentially(SuiteRunner.java:437)
at org.testng.SuiteRunner.privateRun(SuiteRunner.java:397)
at org.testng.SuiteRunner.run(SuiteRunner.java:336)
at org.testng.SuiteRunnerWorker.runSuite(SuiteRunnerWorker.java:52)
at org.testng.SuiteRunnerWorker.run(SuiteRunnerWorker.java:95)
at org.testng.TestNG.runSuitesSequentially(TestNG.java:1301)
at org.testng.TestNG.runSuitesLocally(TestNG.java:1228)
at org.testng.TestNG.runSuites(TestNG.java:1134)
at org.testng.TestNG.run(TestNG.java:1101)
at org.testng.remote.AbstractRemoteTestNG.run(AbstractRemoteTestNG.java:115)
at org.testng.remote.RemoteTestNG.initAndRun(RemoteTestNG.java:293)
at org.testng.remote.RemoteTestNG.main(RemoteTestNG.java:91)
]]>
    </failure>
  </testcase> <!-- loginWithMultipleUsers -->
  <testcase classname="tests.LoginTest" name="loginWithMultipleUsers" time="6.050"/>
  <testcase classname="tests.LoginTest" name="loginWithMultipleUsers" time="4.490"/>
  <testcase classname="tests.LoginTest" name="loginWithMultipleUsers" time="5.226"/>
  <testcase classname="tests.LoginTest" name="loginWithMultipleUsers" time="5.395"/>
  <testcase classname="tests.LoginTest" name="loginWithMultipleUsers" time="5.818"/>
  <testcase classname="tests.LoginTest" name="loginWithMultipleUsers" time="5.253"/>
  <testcase classname="tests.LoginTest" name="loginWithMultipleUsers" time="7.300"/>
  <testcase classname="tests.LoginTest" name="loginWithMultipleUsers" time="6.372"/>
  <testcase classname="tests.LoginTest" name="loginWithMultipleUsers" time="4.626"/>
  <testcase classname="tests.LoginTest" name="loginWithMultipleUsers" time="5.191"/>
  <testcase classname="tests.LoginTest" name="loginWithMultipleUsers" time="7.436"/>
  <testcase classname="tests.LoginTest" name="loginWithMultipleUsers" time="4.972"/>
  <testcase classname="tests.LoginTest" name="loginWithMultipleUsers" time="4.801"/>
  <testcase classname="tests.LoginTest" name="loginWithMultipleUsers" time="5.532"/>
  <testcase classname="tests.LoginTest" name="loginWithMultipleUsers" time="6.176"/>
  <testcase classname="tests.LoginTest" name="loginWithMultipleUsers" time="5.294"/>
  <testcase classname="tests.LoginTest" name="loginWithMultipleUsers" time="9.230"/>
  <testcase classname="tests.LoginTest" name="loginWithMultipleUsers" time="3.805"/>
  <testcase classname="tests.LoginTest" name="loginWithMultipleUsers" time="4.138"/>
  <testcase classname="tests.LoginTest" name="loginWithMultipleUsers" time="6.824"/>
  <testcase classname="tests.LoginTest" name="loginWithMultipleUsers" time="4.321">
    <failure message="❌ Login failed for user: priyanka_agentl3 expected [true] but found [false]" type="java.lang.AssertionError">
      <![CDATA[java.lang.AssertionError: ❌ Login failed for user: priyanka_agentl3 expected [true] but found [false]
at org.testng.Assert.fail(Assert.java:111)
at org.testng.Assert.failNotEquals(Assert.java:1578)
at org.testng.Assert.assertTrue(Assert.java:57)
at tests.LoginTest.loginWithMultipleUsers(LoginTest.java:51)
at java.base/jdk.internal.reflect.DirectMethodHandleAccessor.invoke(DirectMethodHandleAccessor.java:103)
at java.base/java.lang.reflect.Method.invoke(Method.java:580)
at org.testng.internal.invokers.MethodInvocationHelper.invokeMethod(MethodInvocationHelper.java:139)
at org.testng.internal.invokers.TestInvoker.invokeMethod(TestInvoker.java:664)
at org.testng.internal.invokers.TestInvoker.invokeTestMethod(TestInvoker.java:228)
at org.testng.internal.invokers.MethodRunner.runInSequence(MethodRunner.java:63)
at org.testng.internal.invokers.TestInvoker$MethodInvocationAgent.invoke(TestInvoker.java:961)
at org.testng.internal.invokers.TestInvoker.invokeTestMethods(TestInvoker.java:201)
at org.testng.internal.invokers.TestMethodWorker.invokeTestMethods(TestMethodWorker.java:148)
at org.testng.internal.invokers.TestMethodWorker.run(TestMethodWorker.java:128)
at java.base/java.util.ArrayList.forEach(ArrayList.java:1596)
at org.testng.TestRunner.privateRun(TestRunner.java:819)
at org.testng.TestRunner.run(TestRunner.java:619)
at org.testng.SuiteRunner.runTest(SuiteRunner.java:443)
at org.testng.SuiteRunner.runSequentially(SuiteRunner.java:437)
at org.testng.SuiteRunner.privateRun(SuiteRunner.java:397)
at org.testng.SuiteRunner.run(SuiteRunner.java:336)
at org.testng.SuiteRunnerWorker.runSuite(SuiteRunnerWorker.java:52)
at org.testng.SuiteRunnerWorker.run(SuiteRunnerWorker.java:95)
at org.testng.TestNG.runSuitesSequentially(TestNG.java:1301)
at org.testng.TestNG.runSuitesLocally(TestNG.java:1228)
at org.testng.TestNG.runSuites(TestNG.java:1134)
at org.testng.TestNG.run(TestNG.java:1101)
at org.testng.remote.AbstractRemoteTestNG.run(AbstractRemoteTestNG.java:115)
at org.testng.remote.RemoteTestNG.initAndRun(RemoteTestNG.java:293)
at org.testng.remote.RemoteTestNG.main(RemoteTestNG.java:91)
]]>
    </failure>
  </testcase> <!-- loginWithMultipleUsers -->
  <testcase classname="tests.LoginTest" name="loginWithMultipleUsers" time="6.055"/>
  <testcase classname="tests.LoginTest" name="loginWithMultipleUsers" time="6.642"/>
  <testcase classname="tests.LoginTest" name="loginWithMultipleUsers" time="4.591"/>
  <testcase classname="tests.LoginTest" name="loginWithMultipleUsers" time="4.525"/>
  <testcase classname="tests.LoginTest" name="loginWithMultipleUsers" time="5.496"/>
  <testcase classname="tests.LoginTest" name="loginWithMultipleUsers" time="4.541"/>
  <testcase classname="tests.LoginTest" name="loginWithMultipleUsers" time="5.878"/>
  <testcase classname="tests.LoginTest" name="loginWithMultipleUsers" time="4.880"/>
</testsuite> <!-- tests.LoginTest -->
